The target system is: Android - 1 - armv7-a
The host system is: Linux - 5.10.102.1-microsoft-standard-WSL2 - x86_64
Compiling the C compiler identification source file "CMakeCCompilerId.c" succeeded.
Compiler: /home/pub/ndk/android-ndk-r17c/toolchains/arm-linux-androideabi-4.9/prebuilt/linux-x86_64/bin/arm-linux-androideabi-gcc 
Build flags: -isystem;/home/pub/ndk/android-ndk-r17c/sysroot/usr/include/arm-linux-androideabi;-D__ANDROID_API__=28;-g;-DANDROID;-ffunction-sections;-funwind-tables;-fstack-protector-strong;-no-canonical-prefixes;-march=armv7-a;-mfloat-abi=softfp;-mfpu=vfpv3-d16;-marm;-Wa,--noexecstack;-Wformat;-Werror=format-security;
Id flags: -c 

The output was:
0


Compilation of the C compiler identification source "CMakeCCompilerId.c" produced "CMakeCCompilerId.o"

The C compiler identification is GNU, found in "/home/build/studio/hexmeet/sv800_project/rk3588uvc/uvc_app/build/android/arm/CMakeFiles/3.10.2/CompilerIdC/CMakeCCompilerId.o"

Compiling the CXX compiler identification source file "CMakeCXXCompilerId.cpp" succeeded.
Compiler: /home/pub/ndk/android-ndk-r17c/toolchains/arm-linux-androideabi-4.9/prebuilt/linux-x86_64/bin/arm-linux-androideabi-g++ 
Build flags: -isystem;/home/pub/ndk/android-ndk-r17c/sysroot/usr/include/arm-linux-androideabi;-D__ANDROID_API__=28;-g;-DANDROID;-ffunction-sections;-funwind-tables;-fstack-protector-strong;-no-canonical-prefixes;-march=armv7-a;-mfloat-abi=softfp;-mfpu=vfpv3-d16;-marm;-Wa,--noexecstack;-Wformat;-Werror=format-security;;
Id flags: -c 

The output was:
0


Compilation of the CXX compiler identification source "CMakeCXXCompilerId.cpp" produced "CMakeCXXCompilerId.o"

The CXX compiler identification is GNU, found in "/home/build/studio/hexmeet/sv800_project/rk3588uvc/uvc_app/build/android/arm/CMakeFiles/3.10.2/CompilerIdCXX/CMakeCXXCompilerId.o"

Determining if the C compiler works passed with the following output:
Change Dir: /home/build/studio/hexmeet/sv800_project/rk3588uvc/uvc_app/build/android/arm/CMakeFiles/CMakeTmp

Run Build Command:"/usr/bin/make" "cmTC_4300b/fast"
/usr/bin/make -f CMakeFiles/cmTC_4300b.dir/build.make CMakeFiles/cmTC_4300b.dir/build
make[1]: Entering directory '/mnt/d/developStudio/hexmeet/sv800_project/rk3588uvc/uvc_app/build/android/arm/CMakeFiles/CMakeTmp'
Building C object CMakeFiles/cmTC_4300b.dir/testCCompiler.c.o
/home/pub/ndk/android-ndk-r17c/toolchains/arm-linux-androideabi-4.9/prebuilt/linux-x86_64/bin/arm-linux-androideabi-gcc --sysroot=/home/pub/ndk/android-ndk-r17c/sysroot   -isystem /home/pub/ndk/android-ndk-r17c/sysroot/usr/include/arm-linux-androideabi -D__ANDROID_API__=28 -g -DANDROID -ffunction-sections -funwind-tables -fstack-protector-strong -no-canonical-prefixes -march=armv7-a -mfloat-abi=softfp -mfpu=vfpv3-d16 -marm -Wa,--noexecstack -Wformat -Werror=format-security   -fPIE   -o CMakeFiles/cmTC_4300b.dir/testCCompiler.c.o   -c /home/build/studio/hexmeet/sv800_project/rk3588uvc/uvc_app/build/android/arm/CMakeFiles/CMakeTmp/testCCompiler.c
Linking C executable cmTC_4300b
/usr/bin/cmake -E cmake_link_script CMakeFiles/cmTC_4300b.dir/link.txt --verbose=1
/home/pub/ndk/android-ndk-r17c/toolchains/arm-linux-androideabi-4.9/prebuilt/linux-x86_64/bin/arm-linux-androideabi-gcc --sysroot=/home/pub/ndk/android-ndk-r17c/sysroot -isystem /home/pub/ndk/android-ndk-r17c/sysroot/usr/include/arm-linux-androideabi -D__ANDROID_API__=28 -g -DANDROID -ffunction-sections -funwind-tables -fstack-protector-strong -no-canonical-prefixes -march=armv7-a -mfloat-abi=softfp -mfpu=vfpv3-d16 -marm -Wa,--noexecstack -Wformat -Werror=format-security    -Wl,--exclude-libs,libgcc.a -Wl,--exclude-libs,libatomic.a --sysroot /home/pub/ndk/android-ndk-r17c/platforms/android-28/arch-arm -Wl,--build-id -Wl,--warn-shared-textrel -Wl,--fatal-warnings -Wl,--fix-cortex-a8 -Wl,--no-undefined -Wl,-z,noexecstack -Wl,-z,relro -Wl,-z,now -Wl,--gc-sections -Wl,-z,nocopyreloc -pie -fpie   CMakeFiles/cmTC_4300b.dir/testCCompiler.c.o  -o cmTC_4300b -latomic -lm 
make[1]: Leaving directory '/mnt/d/developStudio/hexmeet/sv800_project/rk3588uvc/uvc_app/build/android/arm/CMakeFiles/CMakeTmp'


Detecting C compiler ABI info compiled with the following output:
Change Dir: /home/build/studio/hexmeet/sv800_project/rk3588uvc/uvc_app/build/android/arm/CMakeFiles/CMakeTmp

Run Build Command:"/usr/bin/make" "cmTC_e1a07/fast"
/usr/bin/make -f CMakeFiles/cmTC_e1a07.dir/build.make CMakeFiles/cmTC_e1a07.dir/build
make[1]: Entering directory '/mnt/d/developStudio/hexmeet/sv800_project/rk3588uvc/uvc_app/build/android/arm/CMakeFiles/CMakeTmp'
Building C object CMakeFiles/cmTC_e1a07.dir/CMakeCCompilerABI.c.o
/home/pub/ndk/android-ndk-r17c/toolchains/arm-linux-androideabi-4.9/prebuilt/linux-x86_64/bin/arm-linux-androideabi-gcc --sysroot=/home/pub/ndk/android-ndk-r17c/sysroot   -isystem /home/pub/ndk/android-ndk-r17c/sysroot/usr/include/arm-linux-androideabi -D__ANDROID_API__=28 -g -DANDROID -ffunction-sections -funwind-tables -fstack-protector-strong -no-canonical-prefixes -march=armv7-a -mfloat-abi=softfp -mfpu=vfpv3-d16 -marm -Wa,--noexecstack -Wformat -Werror=format-security   -fPIE   -o CMakeFiles/cmTC_e1a07.dir/CMakeCCompilerABI.c.o   -c /usr/share/cmake-3.10/Modules/CMakeCCompilerABI.c
Linking C executable cmTC_e1a07
/usr/bin/cmake -E cmake_link_script CMakeFiles/cmTC_e1a07.dir/link.txt --verbose=1
/home/pub/ndk/android-ndk-r17c/toolchains/arm-linux-androideabi-4.9/prebuilt/linux-x86_64/bin/arm-linux-androideabi-gcc --sysroot=/home/pub/ndk/android-ndk-r17c/sysroot -isystem /home/pub/ndk/android-ndk-r17c/sysroot/usr/include/arm-linux-androideabi -D__ANDROID_API__=28 -g -DANDROID -ffunction-sections -funwind-tables -fstack-protector-strong -no-canonical-prefixes -march=armv7-a -mfloat-abi=softfp -mfpu=vfpv3-d16 -marm -Wa,--noexecstack -Wformat -Werror=format-security    -Wl,--exclude-libs,libgcc.a -Wl,--exclude-libs,libatomic.a --sysroot /home/pub/ndk/android-ndk-r17c/platforms/android-28/arch-arm -Wl,--build-id -Wl,--warn-shared-textrel -Wl,--fatal-warnings -Wl,--fix-cortex-a8 -Wl,--no-undefined -Wl,-z,noexecstack -Wl,-z,relro -Wl,-z,now -Wl,--gc-sections -Wl,-z,nocopyreloc -pie -fpie  -v CMakeFiles/cmTC_e1a07.dir/CMakeCCompilerABI.c.o  -o cmTC_e1a07 
Using built-in specs.
COLLECT_GCC=/home/pub/ndk/android-ndk-r17c/toolchains/arm-linux-androideabi-4.9/prebuilt/linux-x86_64/bin/arm-linux-androideabi-gcc
COLLECT_LTO_WRAPPER=/home/pub/ndk/android-ndk-r17c/toolchains/arm-linux-androideabi-4.9/prebuilt/linux-x86_64/bin/../libexec/gcc/arm-linux-androideabi/4.9.x/lto-wrapper
Target: arm-linux-androideabi
Configured with: /usr/local/google/buildbot/src/android/gcc/toolchain/build/../gcc/gcc-4.9/configure --prefix=/tmp/1f702185e9cc53b747a5c4e1441c9254 --target=arm-linux-androideabi --host=x86_64-linux-gnu --build=x86_64-linux-gnu --with-gnu-as --with-gnu-ld --enable-languages=c,c++ --with-gmp=/buildbot/tmp/build/toolchain/temp-install --with-mpfr=/buildbot/tmp/build/toolchain/temp-install --with-mpc=/buildbot/tmp/build/toolchain/temp-install --with-cloog=/buildbot/tmp/build/toolchain/temp-install --with-isl=/buildbot/tmp/build/toolchain/temp-install --with-ppl=/buildbot/tmp/build/toolchain/temp-install --disable-ppl-version-check --disable-cloog-version-check --disable-isl-version-check --enable-cloog-backend=isl --with-host-libstdcxx='-static-libgcc -Wl,-Bstatic,-lstdc++,-Bdynamic -lm' --disable-libssp --enable-threads --disable-nls --disable-libmudflap --disable-libgomp --disable-libstdc__-v3 --disable-sjlj-exceptions --disable-shared --disable-tls --disable-libitm --with-float=soft --with-fpu=vfp --with-arch=armv5te --enable-target-optspace --enable-bionic-libs --enable-libatomic-ifuncs=no --enable-initfini-array --disable-nls --prefix=/tmp/1f702185e9cc53b747a5c4e1441c9254 --with-sysroot=/tmp/1f702185e9cc53b747a5c4e1441c9254/sysroot --with-binutils-version=2.27 --with-mpfr-version=3.1.1 --with-mpc-version=1.0.1 --with-gmp-version=5.0.5 --with-gcc-version=4.9 --with-gdb-version=none --with-gxx-include-dir=/tmp/1f702185e9cc53b747a5c4e1441c9254/include/c++/4.9.x --with-bugurl=http://source.android.com/source/report-bugs.html --enable-languages=c,c++ --disable-bootstrap --enable-plugins --enable-libgomp --enable-gnu-indirect-function --disable-libsanitizer --enable-gold --enable-threads --enable-eh-frame-hdr-for-static --enable-graphite=yes --with-isl-version=0.11.1 --with-cloog-version=0.18.0 --with-arch=armv5te --program-transform-name='s&^&arm-linux-androideabi-&' --enable-gold=default
Thread model: posix
gcc version 4.9.x 20150123 (prerelease) (GCC) 
COMPILER_PATH=/home/pub/ndk/android-ndk-r17c/toolchains/arm-linux-androideabi-4.9/prebuilt/linux-x86_64/bin/../libexec/gcc/arm-linux-androideabi/4.9.x/:/home/pub/ndk/android-ndk-r17c/toolchains/arm-linux-androideabi-4.9/prebuilt/linux-x86_64/bin/../libexec/gcc/:/home/pub/ndk/android-ndk-r17c/toolchains/arm-linux-androideabi-4.9/prebuilt/linux-x86_64/bin/../lib/gcc/arm-linux-androideabi/4.9.x/../../../../arm-linux-androideabi/bin/
LIBRARY_PATH=/home/pub/ndk/android-ndk-r17c/toolchains/arm-linux-androideabi-4.9/prebuilt/linux-x86_64/bin/../lib/gcc/arm-linux-androideabi/4.9.x/armv7-a/:/home/pub/ndk/android-ndk-r17c/toolchains/arm-linux-androideabi-4.9/prebuilt/linux-x86_64/bin/../lib/gcc/arm-linux-androideabi/4.9.x/../../../../arm-linux-androideabi/lib/armv7-a/:/home/pub/ndk/android-ndk-r17c/toolchains/arm-linux-androideabi-4.9/prebuilt/linux-x86_64/bin/../lib/gcc/arm-linux-androideabi/4.9.x/:/home/pub/ndk/android-ndk-r17c/toolchains/arm-linux-androideabi-4.9/prebuilt/linux-x86_64/bin/../lib/gcc/:/home/pub/ndk/android-ndk-r17c/toolchains/arm-linux-androideabi-4.9/prebuilt/linux-x86_64/bin/../lib/gcc/arm-linux-androideabi/4.9.x/../../../../arm-linux-androideabi/lib/:/home/pub/ndk/android-ndk-r17c/platforms/android-28/arch-arm/usr/lib/
COLLECT_GCC_OPTIONS='-isystem' '/home/pub/ndk/android-ndk-r17c/sysroot/usr/include/arm-linux-androideabi' '-D' '__ANDROID_API__=28' '-g' '-D' 'ANDROID' '-ffunction-sections' '-funwind-tables' '-fstack-protector-strong' '-march=armv7-a' '-mfloat-abi=softfp' '-mfpu=vfpv3-d16' '-marm' '-Wformat=1' '-Werror=format-security' '-pie' '-fpie' '-v' '-o' 'cmTC_e1a07' '-mtls-dialect=gnu'
 /home/pub/ndk/android-ndk-r17c/toolchains/arm-linux-androideabi-4.9/prebuilt/linux-x86_64/bin/../libexec/gcc/arm-linux-androideabi/4.9.x/collect2 -plugin /home/pub/ndk/android-ndk-r17c/toolchains/arm-linux-androideabi-4.9/prebuilt/linux-x86_64/bin/../libexec/gcc/arm-linux-androideabi/4.9.x/liblto_plugin.so -plugin-opt=/home/pub/ndk/android-ndk-r17c/toolchains/arm-linux-androideabi-4.9/prebuilt/linux-x86_64/bin/../libexec/gcc/arm-linux-androideabi/4.9.x/lto-wrapper -plugin-opt=-fresolution=/tmp/cc3sC8Yp.res -plugin-opt=-pass-through=-lgcc -plugin-opt=-pass-through=-lc -plugin-opt=-pass-through=-ldl -plugin-opt=-pass-through=-lgcc --sysroot=/home/pub/ndk/android-ndk-r17c/platforms/android-28/arch-arm --eh-frame-hdr -dynamic-linker /system/bin/linker -X -m armelf_linux_eabi -z noexecstack -z relro -z now -pie -o cmTC_e1a07 /home/pub/ndk/android-ndk-r17c/platforms/android-28/arch-arm/usr/lib/crtbegin_dynamic.o -L/home/pub/ndk/android-ndk-r17c/toolchains/arm-linux-androideabi-4.9/prebuilt/linux-x86_64/bin/../lib/gcc/arm-linux-androideabi/4.9.x/armv7-a -L/home/pub/ndk/android-ndk-r17c/toolchains/arm-linux-androideabi-4.9/prebuilt/linux-x86_64/bin/../lib/gcc/arm-linux-androideabi/4.9.x/../../../../arm-linux-androideabi/lib/armv7-a -L/home/pub/ndk/android-ndk-r17c/toolchains/arm-linux-androideabi-4.9/prebuilt/linux-x86_64/bin/../lib/gcc/arm-linux-androideabi/4.9.x -L/home/pub/ndk/android-ndk-r17c/toolchains/arm-linux-androideabi-4.9/prebuilt/linux-x86_64/bin/../lib/gcc -L/home/pub/ndk/android-ndk-r17c/toolchains/arm-linux-androideabi-4.9/prebuilt/linux-x86_64/bin/../lib/gcc/arm-linux-androideabi/4.9.x/../../../../arm-linux-androideabi/lib -L/home/pub/ndk/android-ndk-r17c/platforms/android-28/arch-arm/usr/lib --exclude-libs libgcc.a --exclude-libs libatomic.a --build-id --warn-shared-textrel --fatal-warnings --fix-cortex-a8 --no-undefined -z noexecstack -z relro -z now --gc-sections -z nocopyreloc CMakeFiles/cmTC_e1a07.dir/CMakeCCompilerABI.c.o -lgcc -lc -ldl -lgcc /home/pub/ndk/android-ndk-r17c/platforms/android-28/arch-arm/usr/lib/crtend_android.o
make[1]: Leaving directory '/mnt/d/developStudio/hexmeet/sv800_project/rk3588uvc/uvc_app/build/android/arm/CMakeFiles/CMakeTmp'


Parsed C implicit link information from above output:
  link line regex: [^( *|.*[/\])(arm-linux-androideabi-ld|CMAKE_LINK_STARTFILE-NOTFOUND|([^/\]+-)?ld|collect2)[^/\]*( |$)]
  ignore line: [Change Dir: /home/build/studio/hexmeet/sv800_project/rk3588uvc/uvc_app/build/android/arm/CMakeFiles/CMakeTmp]
  ignore line: []
  ignore line: [Run Build Command:"/usr/bin/make" "cmTC_e1a07/fast"]
  ignore line: [/usr/bin/make -f CMakeFiles/cmTC_e1a07.dir/build.make CMakeFiles/cmTC_e1a07.dir/build]
  ignore line: [make[1]: Entering directory '/mnt/d/developStudio/hexmeet/sv800_project/rk3588uvc/uvc_app/build/android/arm/CMakeFiles/CMakeTmp']
  ignore line: [Building C object CMakeFiles/cmTC_e1a07.dir/CMakeCCompilerABI.c.o]
  ignore line: [/home/pub/ndk/android-ndk-r17c/toolchains/arm-linux-androideabi-4.9/prebuilt/linux-x86_64/bin/arm-linux-androideabi-gcc --sysroot=/home/pub/ndk/android-ndk-r17c/sysroot   -isystem /home/pub/ndk/android-ndk-r17c/sysroot/usr/include/arm-linux-androideabi -D__ANDROID_API__=28 -g -DANDROID -ffunction-sections -funwind-tables -fstack-protector-strong -no-canonical-prefixes -march=armv7-a -mfloat-abi=softfp -mfpu=vfpv3-d16 -marm -Wa,--noexecstack -Wformat -Werror=format-security   -fPIE   -o CMakeFiles/cmTC_e1a07.dir/CMakeCCompilerABI.c.o   -c /usr/share/cmake-3.10/Modules/CMakeCCompilerABI.c]
  ignore line: [Linking C executable cmTC_e1a07]
  ignore line: [/usr/bin/cmake -E cmake_link_script CMakeFiles/cmTC_e1a07.dir/link.txt --verbose=1]
  ignore line: [/home/pub/ndk/android-ndk-r17c/toolchains/arm-linux-androideabi-4.9/prebuilt/linux-x86_64/bin/arm-linux-androideabi-gcc --sysroot=/home/pub/ndk/android-ndk-r17c/sysroot -isystem /home/pub/ndk/android-ndk-r17c/sysroot/usr/include/arm-linux-androideabi -D__ANDROID_API__=28 -g -DANDROID -ffunction-sections -funwind-tables -fstack-protector-strong -no-canonical-prefixes -march=armv7-a -mfloat-abi=softfp -mfpu=vfpv3-d16 -marm -Wa,--noexecstack -Wformat -Werror=format-security    -Wl,--exclude-libs,libgcc.a -Wl,--exclude-libs,libatomic.a --sysroot /home/pub/ndk/android-ndk-r17c/platforms/android-28/arch-arm -Wl,--build-id -Wl,--warn-shared-textrel -Wl,--fatal-warnings -Wl,--fix-cortex-a8 -Wl,--no-undefined -Wl,-z,noexecstack -Wl,-z,relro -Wl,-z,now -Wl,--gc-sections -Wl,-z,nocopyreloc -pie -fpie  -v CMakeFiles/cmTC_e1a07.dir/CMakeCCompilerABI.c.o  -o cmTC_e1a07 ]
  ignore line: [Using built-in specs.]
  ignore line: [COLLECT_GCC=/home/pub/ndk/android-ndk-r17c/toolchains/arm-linux-androideabi-4.9/prebuilt/linux-x86_64/bin/arm-linux-androideabi-gcc]
  ignore line: [COLLECT_LTO_WRAPPER=/home/pub/ndk/android-ndk-r17c/toolchains/arm-linux-androideabi-4.9/prebuilt/linux-x86_64/bin/../libexec/gcc/arm-linux-androideabi/4.9.x/lto-wrapper]
  ignore line: [Target: arm-linux-androideabi]
  ignore line: [Configured with: /usr/local/google/buildbot/src/android/gcc/toolchain/build/../gcc/gcc-4.9/configure --prefix=/tmp/1f702185e9cc53b747a5c4e1441c9254 --target=arm-linux-androideabi --host=x86_64-linux-gnu --build=x86_64-linux-gnu --with-gnu-as --with-gnu-ld --enable-languages=c,c++ --with-gmp=/buildbot/tmp/build/toolchain/temp-install --with-mpfr=/buildbot/tmp/build/toolchain/temp-install --with-mpc=/buildbot/tmp/build/toolchain/temp-install --with-cloog=/buildbot/tmp/build/toolchain/temp-install --with-isl=/buildbot/tmp/build/toolchain/temp-install --with-ppl=/buildbot/tmp/build/toolchain/temp-install --disable-ppl-version-check --disable-cloog-version-check --disable-isl-version-check --enable-cloog-backend=isl --with-host-libstdcxx='-static-libgcc -Wl,-Bstatic,-lstdc++,-Bdynamic -lm' --disable-libssp --enable-threads --disable-nls --disable-libmudflap --disable-libgomp --disable-libstdc__-v3 --disable-sjlj-exceptions --disable-shared --disable-tls --disable-libitm --with-float=soft --with-fpu=vfp --with-arch=armv5te --enable-target-optspace --enable-bionic-libs --enable-libatomic-ifuncs=no --enable-initfini-array --disable-nls --prefix=/tmp/1f702185e9cc53b747a5c4e1441c9254 --with-sysroot=/tmp/1f702185e9cc53b747a5c4e1441c9254/sysroot --with-binutils-version=2.27 --with-mpfr-version=3.1.1 --with-mpc-version=1.0.1 --with-gmp-version=5.0.5 --with-gcc-version=4.9 --with-gdb-version=none --with-gxx-include-dir=/tmp/1f702185e9cc53b747a5c4e1441c9254/include/c++/4.9.x --with-bugurl=http://source.android.com/source/report-bugs.html --enable-languages=c,c++ --disable-bootstrap --enable-plugins --enable-libgomp --enable-gnu-indirect-function --disable-libsanitizer --enable-gold --enable-threads --enable-eh-frame-hdr-for-static --enable-graphite=yes --with-isl-version=0.11.1 --with-cloog-version=0.18.0 --with-arch=armv5te --program-transform-name='s&^&arm-linux-androideabi-&' --enable-gold=default]
  ignore line: [Thread model: posix]
  ignore line: [gcc version 4.9.x 20150123 (prerelease) (GCC) ]
  ignore line: [COMPILER_PATH=/home/pub/ndk/android-ndk-r17c/toolchains/arm-linux-androideabi-4.9/prebuilt/linux-x86_64/bin/../libexec/gcc/arm-linux-androideabi/4.9.x/:/home/pub/ndk/android-ndk-r17c/toolchains/arm-linux-androideabi-4.9/prebuilt/linux-x86_64/bin/../libexec/gcc/:/home/pub/ndk/android-ndk-r17c/toolchains/arm-linux-androideabi-4.9/prebuilt/linux-x86_64/bin/../lib/gcc/arm-linux-androideabi/4.9.x/../../../../arm-linux-androideabi/bin/]
  ignore line: [LIBRARY_PATH=/home/pub/ndk/android-ndk-r17c/toolchains/arm-linux-androideabi-4.9/prebuilt/linux-x86_64/bin/../lib/gcc/arm-linux-androideabi/4.9.x/armv7-a/:/home/pub/ndk/android-ndk-r17c/toolchains/arm-linux-androideabi-4.9/prebuilt/linux-x86_64/bin/../lib/gcc/arm-linux-androideabi/4.9.x/../../../../arm-linux-androideabi/lib/armv7-a/:/home/pub/ndk/android-ndk-r17c/toolchains/arm-linux-androideabi-4.9/prebuilt/linux-x86_64/bin/../lib/gcc/arm-linux-androideabi/4.9.x/:/home/pub/ndk/android-ndk-r17c/toolchains/arm-linux-androideabi-4.9/prebuilt/linux-x86_64/bin/../lib/gcc/:/home/pub/ndk/android-ndk-r17c/toolchains/arm-linux-androideabi-4.9/prebuilt/linux-x86_64/bin/../lib/gcc/arm-linux-androideabi/4.9.x/../../../../arm-linux-androideabi/lib/:/home/pub/ndk/android-ndk-r17c/platforms/android-28/arch-arm/usr/lib/]
  ignore line: [COLLECT_GCC_OPTIONS='-isystem' '/home/pub/ndk/android-ndk-r17c/sysroot/usr/include/arm-linux-androideabi' '-D' '__ANDROID_API__=28' '-g' '-D' 'ANDROID' '-ffunction-sections' '-funwind-tables' '-fstack-protector-strong' '-march=armv7-a' '-mfloat-abi=softfp' '-mfpu=vfpv3-d16' '-marm' '-Wformat=1' '-Werror=format-security' '-pie' '-fpie' '-v' '-o' 'cmTC_e1a07' '-mtls-dialect=gnu']
  link line: [ /home/pub/ndk/android-ndk-r17c/toolchains/arm-linux-androideabi-4.9/prebuilt/linux-x86_64/bin/../libexec/gcc/arm-linux-androideabi/4.9.x/collect2 -plugin /home/pub/ndk/android-ndk-r17c/toolchains/arm-linux-androideabi-4.9/prebuilt/linux-x86_64/bin/../libexec/gcc/arm-linux-androideabi/4.9.x/liblto_plugin.so -plugin-opt=/home/pub/ndk/android-ndk-r17c/toolchains/arm-linux-androideabi-4.9/prebuilt/linux-x86_64/bin/../libexec/gcc/arm-linux-androideabi/4.9.x/lto-wrapper -plugin-opt=-fresolution=/tmp/cc3sC8Yp.res -plugin-opt=-pass-through=-lgcc -plugin-opt=-pass-through=-lc -plugin-opt=-pass-through=-ldl -plugin-opt=-pass-through=-lgcc --sysroot=/home/pub/ndk/android-ndk-r17c/platforms/android-28/arch-arm --eh-frame-hdr -dynamic-linker /system/bin/linker -X -m armelf_linux_eabi -z noexecstack -z relro -z now -pie -o cmTC_e1a07 /home/pub/ndk/android-ndk-r17c/platforms/android-28/arch-arm/usr/lib/crtbegin_dynamic.o -L/home/pub/ndk/android-ndk-r17c/toolchains/arm-linux-androideabi-4.9/prebuilt/linux-x86_64/bin/../lib/gcc/arm-linux-androideabi/4.9.x/armv7-a -L/home/pub/ndk/android-ndk-r17c/toolchains/arm-linux-androideabi-4.9/prebuilt/linux-x86_64/bin/../lib/gcc/arm-linux-androideabi/4.9.x/../../../../arm-linux-androideabi/lib/armv7-a -L/home/pub/ndk/android-ndk-r17c/toolchains/arm-linux-androideabi-4.9/prebuilt/linux-x86_64/bin/../lib/gcc/arm-linux-androideabi/4.9.x -L/home/pub/ndk/android-ndk-r17c/toolchains/arm-linux-androideabi-4.9/prebuilt/linux-x86_64/bin/../lib/gcc -L/home/pub/ndk/android-ndk-r17c/toolchains/arm-linux-androideabi-4.9/prebuilt/linux-x86_64/bin/../lib/gcc/arm-linux-androideabi/4.9.x/../../../../arm-linux-androideabi/lib -L/home/pub/ndk/android-ndk-r17c/platforms/android-28/arch-arm/usr/lib --exclude-libs libgcc.a --exclude-libs libatomic.a --build-id --warn-shared-textrel --fatal-warnings --fix-cortex-a8 --no-undefined -z noexecstack -z relro -z now --gc-sections -z nocopyreloc CMakeFiles/cmTC_e1a07.dir/CMakeCCompilerABI.c.o -lgcc -lc -ldl -lgcc /home/pub/ndk/android-ndk-r17c/platforms/android-28/arch-arm/usr/lib/crtend_android.o]
    arg [/home/pub/ndk/android-ndk-r17c/toolchains/arm-linux-androideabi-4.9/prebuilt/linux-x86_64/bin/../libexec/gcc/arm-linux-androideabi/4.9.x/collect2] ==> ignore
    arg [-plugin] ==> ignore
    arg [/home/pub/ndk/android-ndk-r17c/toolchains/arm-linux-androideabi-4.9/prebuilt/linux-x86_64/bin/../libexec/gcc/arm-linux-androideabi/4.9.x/liblto_plugin.so] ==> ignore
    arg [-plugin-opt=/home/pub/ndk/android-ndk-r17c/toolchains/arm-linux-androideabi-4.9/prebuilt/linux-x86_64/bin/../libexec/gcc/arm-linux-androideabi/4.9.x/lto-wrapper] ==> ignore
    arg [-plugin-opt=-fresolution=/tmp/cc3sC8Yp.res] ==> ignore
    arg [-plugin-opt=-pass-through=-lgcc] ==> ignore
    arg [-plugin-opt=-pass-through=-lc] ==> ignore
    arg [-plugin-opt=-pass-through=-ldl] ==> ignore
    arg [-plugin-opt=-pass-through=-lgcc] ==> ignore
    arg [--sysroot=/home/pub/ndk/android-ndk-r17c/platforms/android-28/arch-arm] ==> ignore
    arg [--eh-frame-hdr] ==> ignore
    arg [-dynamic-linker] ==> ignore
    arg [/system/bin/linker] ==> ignore
    arg [-X] ==> ignore
    arg [-m] ==> ignore
    arg [armelf_linux_eabi] ==> ignore
    arg [-znoexecstack] ==> ignore
    arg [-zrelro] ==> ignore
    arg [-znow] ==> ignore
    arg [-pie] ==> ignore
    arg [-o] ==> ignore
    arg [cmTC_e1a07] ==> ignore
    arg [/home/pub/ndk/android-ndk-r17c/platforms/android-28/arch-arm/usr/lib/crtbegin_dynamic.o] ==> ignore
    arg [-L/home/pub/ndk/android-ndk-r17c/toolchains/arm-linux-androideabi-4.9/prebuilt/linux-x86_64/bin/../lib/gcc/arm-linux-androideabi/4.9.x/armv7-a] ==> dir [/home/pub/ndk/android-ndk-r17c/toolchains/arm-linux-androideabi-4.9/prebuilt/linux-x86_64/bin/../lib/gcc/arm-linux-androideabi/4.9.x/armv7-a]
    arg [-L/home/pub/ndk/android-ndk-r17c/toolchains/arm-linux-androideabi-4.9/prebuilt/linux-x86_64/bin/../lib/gcc/arm-linux-androideabi/4.9.x/../../../../arm-linux-androideabi/lib/armv7-a] ==> dir [/home/pub/ndk/android-ndk-r17c/toolchains/arm-linux-androideabi-4.9/prebuilt/linux-x86_64/bin/../lib/gcc/arm-linux-androideabi/4.9.x/../../../../arm-linux-androideabi/lib/armv7-a]
    arg [-L/home/pub/ndk/android-ndk-r17c/toolchains/arm-linux-androideabi-4.9/prebuilt/linux-x86_64/bin/../lib/gcc/arm-linux-androideabi/4.9.x] ==> dir [/home/pub/ndk/android-ndk-r17c/toolchains/arm-linux-androideabi-4.9/prebuilt/linux-x86_64/bin/../lib/gcc/arm-linux-androideabi/4.9.x]
    arg [-L/home/pub/ndk/android-ndk-r17c/toolchains/arm-linux-androideabi-4.9/prebuilt/linux-x86_64/bin/../lib/gcc] ==> dir [/home/pub/ndk/android-ndk-r17c/toolchains/arm-linux-androideabi-4.9/prebuilt/linux-x86_64/bin/../lib/gcc]
    arg [-L/home/pub/ndk/android-ndk-r17c/toolchains/arm-linux-androideabi-4.9/prebuilt/linux-x86_64/bin/../lib/gcc/arm-linux-androideabi/4.9.x/../../../../arm-linux-androideabi/lib] ==> dir [/home/pub/ndk/android-ndk-r17c/toolchains/arm-linux-androideabi-4.9/prebuilt/linux-x86_64/bin/../lib/gcc/arm-linux-androideabi/4.9.x/../../../../arm-linux-androideabi/lib]
    arg [-L/home/pub/ndk/android-ndk-r17c/platforms/android-28/arch-arm/usr/lib] ==> dir [/home/pub/ndk/android-ndk-r17c/platforms/android-28/arch-arm/usr/lib]
    arg [--exclude-libs] ==> ignore
    arg [libgcc.a] ==> ignore
    arg [--exclude-libs] ==> ignore
    arg [libatomic.a] ==> ignore
    arg [--build-id] ==> ignore
    arg [--warn-shared-textrel] ==> ignore
    arg [--fatal-warnings] ==> ignore
    arg [--fix-cortex-a8] ==> ignore
    arg [--no-undefined] ==> ignore
    arg [-znoexecstack] ==> ignore
    arg [-zrelro] ==> ignore
    arg [-znow] ==> ignore
    arg [--gc-sections] ==> ignore
    arg [-znocopyreloc] ==> ignore
    arg [CMakeFiles/cmTC_e1a07.dir/CMakeCCompilerABI.c.o] ==> ignore
    arg [-lgcc] ==> lib [gcc]
    arg [-lc] ==> lib [c]
    arg [-ldl] ==> lib [dl]
    arg [-lgcc] ==> lib [gcc]
    arg [/home/pub/ndk/android-ndk-r17c/platforms/android-28/arch-arm/usr/lib/crtend_android.o] ==> ignore
  collapse library dir [/home/pub/ndk/android-ndk-r17c/toolchains/arm-linux-androideabi-4.9/prebuilt/linux-x86_64/bin/../lib/gcc/arm-linux-androideabi/4.9.x/armv7-a] ==> [/home/pub/ndk/android-ndk-r17c/toolchains/arm-linux-androideabi-4.9/prebuilt/linux-x86_64/lib/gcc/arm-linux-androideabi/4.9.x/armv7-a]
  collapse library dir [/home/pub/ndk/android-ndk-r17c/toolchains/arm-linux-androideabi-4.9/prebuilt/linux-x86_64/bin/../lib/gcc/arm-linux-androideabi/4.9.x/../../../../arm-linux-androideabi/lib/armv7-a] ==> [/home/pub/ndk/android-ndk-r17c/toolchains/arm-linux-androideabi-4.9/prebuilt/linux-x86_64/arm-linux-androideabi/lib/armv7-a]
  collapse library dir [/home/pub/ndk/android-ndk-r17c/toolchains/arm-linux-androideabi-4.9/prebuilt/linux-x86_64/bin/../lib/gcc/arm-linux-androideabi/4.9.x] ==> [/home/pub/ndk/android-ndk-r17c/toolchains/arm-linux-androideabi-4.9/prebuilt/linux-x86_64/lib/gcc/arm-linux-androideabi/4.9.x]
  collapse library dir [/home/pub/ndk/android-ndk-r17c/toolchains/arm-linux-androideabi-4.9/prebuilt/linux-x86_64/bin/../lib/gcc] ==> [/home/pub/ndk/android-ndk-r17c/toolchains/arm-linux-androideabi-4.9/prebuilt/linux-x86_64/lib/gcc]
  collapse library dir [/home/pub/ndk/android-ndk-r17c/toolchains/arm-linux-androideabi-4.9/prebuilt/linux-x86_64/bin/../lib/gcc/arm-linux-androideabi/4.9.x/../../../../arm-linux-androideabi/lib] ==> [/home/pub/ndk/android-ndk-r17c/toolchains/arm-linux-androideabi-4.9/prebuilt/linux-x86_64/arm-linux-androideabi/lib]
  collapse library dir [/home/pub/ndk/android-ndk-r17c/platforms/android-28/arch-arm/usr/lib] ==> [/home/pub/ndk/android-ndk-r17c/platforms/android-28/arch-arm/usr/lib]
  implicit libs: [gcc;c;dl;gcc]
  implicit dirs: [/home/pub/ndk/android-ndk-r17c/toolchains/arm-linux-androideabi-4.9/prebuilt/linux-x86_64/lib/gcc/arm-linux-androideabi/4.9.x/armv7-a;/home/pub/ndk/android-ndk-r17c/toolchains/arm-linux-androideabi-4.9/prebuilt/linux-x86_64/arm-linux-androideabi/lib/armv7-a;/home/pub/ndk/android-ndk-r17c/toolchains/arm-linux-androideabi-4.9/prebuilt/linux-x86_64/lib/gcc/arm-linux-androideabi/4.9.x;/home/pub/ndk/android-ndk-r17c/toolchains/arm-linux-androideabi-4.9/prebuilt/linux-x86_64/lib/gcc;/home/pub/ndk/android-ndk-r17c/toolchains/arm-linux-androideabi-4.9/prebuilt/linux-x86_64/arm-linux-androideabi/lib;/home/pub/ndk/android-ndk-r17c/platforms/android-28/arch-arm/usr/lib]
  implicit fwks: []




Detecting C [-std=c11] compiler features compiled with the following output:
Change Dir: /home/build/studio/hexmeet/sv800_project/rk3588uvc/uvc_app/build/android/arm/CMakeFiles/CMakeTmp

Run Build Command:"/usr/bin/make" "cmTC_2445c/fast"
/usr/bin/make -f CMakeFiles/cmTC_2445c.dir/build.make CMakeFiles/cmTC_2445c.dir/build
make[1]: Entering directory '/mnt/d/developStudio/hexmeet/sv800_project/rk3588uvc/uvc_app/build/android/arm/CMakeFiles/CMakeTmp'
Building C object CMakeFiles/cmTC_2445c.dir/feature_tests.c.o
/home/pub/ndk/android-ndk-r17c/toolchains/arm-linux-androideabi-4.9/prebuilt/linux-x86_64/bin/arm-linux-androideabi-gcc --sysroot=/home/pub/ndk/android-ndk-r17c/sysroot   -isystem /home/pub/ndk/android-ndk-r17c/sysroot/usr/include/arm-linux-androideabi -D__ANDROID_API__=28 -g -DANDROID -ffunction-sections -funwind-tables -fstack-protector-strong -no-canonical-prefixes -march=armv7-a -mfloat-abi=softfp -mfpu=vfpv3-d16 -marm -Wa,--noexecstack -Wformat -Werror=format-security   -fPIE   -std=c11 -o CMakeFiles/cmTC_2445c.dir/feature_tests.c.o   -c /home/build/studio/hexmeet/sv800_project/rk3588uvc/uvc_app/build/android/arm/CMakeFiles/feature_tests.c
Linking C executable cmTC_2445c
/usr/bin/cmake -E cmake_link_script CMakeFiles/cmTC_2445c.dir/link.txt --verbose=1
/home/pub/ndk/android-ndk-r17c/toolchains/arm-linux-androideabi-4.9/prebuilt/linux-x86_64/bin/arm-linux-androideabi-gcc --sysroot=/home/pub/ndk/android-ndk-r17c/sysroot -isystem /home/pub/ndk/android-ndk-r17c/sysroot/usr/include/arm-linux-androideabi -D__ANDROID_API__=28 -g -DANDROID -ffunction-sections -funwind-tables -fstack-protector-strong -no-canonical-prefixes -march=armv7-a -mfloat-abi=softfp -mfpu=vfpv3-d16 -marm -Wa,--noexecstack -Wformat -Werror=format-security    -Wl,--exclude-libs,libgcc.a -Wl,--exclude-libs,libatomic.a --sysroot /home/pub/ndk/android-ndk-r17c/platforms/android-28/arch-arm -Wl,--build-id -Wl,--warn-shared-textrel -Wl,--fatal-warnings -Wl,--fix-cortex-a8 -Wl,--no-undefined -Wl,-z,noexecstack -Wl,-z,relro -Wl,-z,now -Wl,--gc-sections -Wl,-z,nocopyreloc -pie -fpie   CMakeFiles/cmTC_2445c.dir/feature_tests.c.o  -o cmTC_2445c -latomic -lm 
make[1]: Leaving directory '/mnt/d/developStudio/hexmeet/sv800_project/rk3588uvc/uvc_app/build/android/arm/CMakeFiles/CMakeTmp'


    Feature record: C_FEATURE:1c_function_prototypes
    Feature record: C_FEATURE:1c_restrict
    Feature record: C_FEATURE:1c_static_assert
    Feature record: C_FEATURE:1c_variadic_macros


Detecting C [-std=c99] compiler features compiled with the following output:
Change Dir: /home/build/studio/hexmeet/sv800_project/rk3588uvc/uvc_app/build/android/arm/CMakeFiles/CMakeTmp

Run Build Command:"/usr/bin/make" "cmTC_b9c33/fast"
/usr/bin/make -f CMakeFiles/cmTC_b9c33.dir/build.make CMakeFiles/cmTC_b9c33.dir/build
make[1]: Entering directory '/mnt/d/developStudio/hexmeet/sv800_project/rk3588uvc/uvc_app/build/android/arm/CMakeFiles/CMakeTmp'
Building C object CMakeFiles/cmTC_b9c33.dir/feature_tests.c.o
/home/pub/ndk/android-ndk-r17c/toolchains/arm-linux-androideabi-4.9/prebuilt/linux-x86_64/bin/arm-linux-androideabi-gcc --sysroot=/home/pub/ndk/android-ndk-r17c/sysroot   -isystem /home/pub/ndk/android-ndk-r17c/sysroot/usr/include/arm-linux-androideabi -D__ANDROID_API__=28 -g -DANDROID -ffunction-sections -funwind-tables -fstack-protector-strong -no-canonical-prefixes -march=armv7-a -mfloat-abi=softfp -mfpu=vfpv3-d16 -marm -Wa,--noexecstack -Wformat -Werror=format-security   -fPIE   -std=c99 -o CMakeFiles/cmTC_b9c33.dir/feature_tests.c.o   -c /home/build/studio/hexmeet/sv800_project/rk3588uvc/uvc_app/build/android/arm/CMakeFiles/feature_tests.c
Linking C executable cmTC_b9c33
/usr/bin/cmake -E cmake_link_script CMakeFiles/cmTC_b9c33.dir/link.txt --verbose=1
/home/pub/ndk/android-ndk-r17c/toolchains/arm-linux-androideabi-4.9/prebuilt/linux-x86_64/bin/arm-linux-androideabi-gcc --sysroot=/home/pub/ndk/android-ndk-r17c/sysroot -isystem /home/pub/ndk/android-ndk-r17c/sysroot/usr/include/arm-linux-androideabi -D__ANDROID_API__=28 -g -DANDROID -ffunction-sections -funwind-tables -fstack-protector-strong -no-canonical-prefixes -march=armv7-a -mfloat-abi=softfp -mfpu=vfpv3-d16 -marm -Wa,--noexecstack -Wformat -Werror=format-security    -Wl,--exclude-libs,libgcc.a -Wl,--exclude-libs,libatomic.a --sysroot /home/pub/ndk/android-ndk-r17c/platforms/android-28/arch-arm -Wl,--build-id -Wl,--warn-shared-textrel -Wl,--fatal-warnings -Wl,--fix-cortex-a8 -Wl,--no-undefined -Wl,-z,noexecstack -Wl,-z,relro -Wl,-z,now -Wl,--gc-sections -Wl,-z,nocopyreloc -pie -fpie   CMakeFiles/cmTC_b9c33.dir/feature_tests.c.o  -o cmTC_b9c33 -latomic -lm 
make[1]: Leaving directory '/mnt/d/developStudio/hexmeet/sv800_project/rk3588uvc/uvc_app/build/android/arm/CMakeFiles/CMakeTmp'


    Feature record: C_FEATURE:1c_function_prototypes
    Feature record: C_FEATURE:1c_restrict
    Feature record: C_FEATURE:0c_static_assert
    Feature record: C_FEATURE:1c_variadic_macros


Detecting C [-std=c90] compiler features compiled with the following output:
Change Dir: /home/build/studio/hexmeet/sv800_project/rk3588uvc/uvc_app/build/android/arm/CMakeFiles/CMakeTmp

Run Build Command:"/usr/bin/make" "cmTC_49cd4/fast"
/usr/bin/make -f CMakeFiles/cmTC_49cd4.dir/build.make CMakeFiles/cmTC_49cd4.dir/build
make[1]: Entering directory '/mnt/d/developStudio/hexmeet/sv800_project/rk3588uvc/uvc_app/build/android/arm/CMakeFiles/CMakeTmp'
Building C object CMakeFiles/cmTC_49cd4.dir/feature_tests.c.o
/home/pub/ndk/android-ndk-r17c/toolchains/arm-linux-androideabi-4.9/prebuilt/linux-x86_64/bin/arm-linux-androideabi-gcc --sysroot=/home/pub/ndk/android-ndk-r17c/sysroot   -isystem /home/pub/ndk/android-ndk-r17c/sysroot/usr/include/arm-linux-androideabi -D__ANDROID_API__=28 -g -DANDROID -ffunction-sections -funwind-tables -fstack-protector-strong -no-canonical-prefixes -march=armv7-a -mfloat-abi=softfp -mfpu=vfpv3-d16 -marm -Wa,--noexecstack -Wformat -Werror=format-security   -fPIE   -std=c90 -o CMakeFiles/cmTC_49cd4.dir/feature_tests.c.o   -c /home/build/studio/hexmeet/sv800_project/rk3588uvc/uvc_app/build/android/arm/CMakeFiles/feature_tests.c
Linking C executable cmTC_49cd4
/usr/bin/cmake -E cmake_link_script CMakeFiles/cmTC_49cd4.dir/link.txt --verbose=1
/home/pub/ndk/android-ndk-r17c/toolchains/arm-linux-androideabi-4.9/prebuilt/linux-x86_64/bin/arm-linux-androideabi-gcc --sysroot=/home/pub/ndk/android-ndk-r17c/sysroot -isystem /home/pub/ndk/android-ndk-r17c/sysroot/usr/include/arm-linux-androideabi -D__ANDROID_API__=28 -g -DANDROID -ffunction-sections -funwind-tables -fstack-protector-strong -no-canonical-prefixes -march=armv7-a -mfloat-abi=softfp -mfpu=vfpv3-d16 -marm -Wa,--noexecstack -Wformat -Werror=format-security    -Wl,--exclude-libs,libgcc.a -Wl,--exclude-libs,libatomic.a --sysroot /home/pub/ndk/android-ndk-r17c/platforms/android-28/arch-arm -Wl,--build-id -Wl,--warn-shared-textrel -Wl,--fatal-warnings -Wl,--fix-cortex-a8 -Wl,--no-undefined -Wl,-z,noexecstack -Wl,-z,relro -Wl,-z,now -Wl,--gc-sections -Wl,-z,nocopyreloc -pie -fpie   CMakeFiles/cmTC_49cd4.dir/feature_tests.c.o  -o cmTC_49cd4 -latomic -lm 
make[1]: Leaving directory '/mnt/d/developStudio/hexmeet/sv800_project/rk3588uvc/uvc_app/build/android/arm/CMakeFiles/CMakeTmp'


    Feature record: C_FEATURE:1c_function_prototypes
    Feature record: C_FEATURE:0c_restrict
    Feature record: C_FEATURE:0c_static_assert
    Feature record: C_FEATURE:0c_variadic_macros
Determining if the CXX compiler works passed with the following output:
Change Dir: /home/build/studio/hexmeet/sv800_project/rk3588uvc/uvc_app/build/android/arm/CMakeFiles/CMakeTmp

Run Build Command:"/usr/bin/make" "cmTC_2c6ae/fast"
/usr/bin/make -f CMakeFiles/cmTC_2c6ae.dir/build.make CMakeFiles/cmTC_2c6ae.dir/build
make[1]: Entering directory '/mnt/d/developStudio/hexmeet/sv800_project/rk3588uvc/uvc_app/build/android/arm/CMakeFiles/CMakeTmp'
Building CXX object CMakeFiles/cmTC_2c6ae.dir/testCXXCompiler.cxx.o
/home/pub/ndk/android-ndk-r17c/toolchains/arm-linux-androideabi-4.9/prebuilt/linux-x86_64/bin/arm-linux-androideabi-g++ --sysroot=/home/pub/ndk/android-ndk-r17c/sysroot   -isystem /home/pub/ndk/android-ndk-r17c/sources/cxx-stl/stlport/stlport -isystem /home/pub/ndk/android-ndk-r17c/sources/cxx-stl/gabi++/include  -isystem /home/pub/ndk/android-ndk-r17c/sysroot/usr/include/arm-linux-androideabi -D__ANDROID_API__=28 -g -DANDROID -ffunction-sections -funwind-tables -fstack-protector-strong -no-canonical-prefixes -march=armv7-a -mfloat-abi=softfp -mfpu=vfpv3-d16 -marm -Wa,--noexecstack -Wformat -Werror=format-security    -fPIE   -o CMakeFiles/cmTC_2c6ae.dir/testCXXCompiler.cxx.o -c /home/build/studio/hexmeet/sv800_project/rk3588uvc/uvc_app/build/android/arm/CMakeFiles/CMakeTmp/testCXXCompiler.cxx
Linking CXX executable cmTC_2c6ae
/usr/bin/cmake -E cmake_link_script CMakeFiles/cmTC_2c6ae.dir/link.txt --verbose=1
/home/pub/ndk/android-ndk-r17c/toolchains/arm-linux-androideabi-4.9/prebuilt/linux-x86_64/bin/arm-linux-androideabi-g++ --sysroot=/home/pub/ndk/android-ndk-r17c/sysroot  -isystem /home/pub/ndk/android-ndk-r17c/sysroot/usr/include/arm-linux-androideabi -D__ANDROID_API__=28 -g -DANDROID -ffunction-sections -funwind-tables -fstack-protector-strong -no-canonical-prefixes -march=armv7-a -mfloat-abi=softfp -mfpu=vfpv3-d16 -marm -Wa,--noexecstack -Wformat -Werror=format-security     -Wl,--exclude-libs,libgcc.a -Wl,--exclude-libs,libatomic.a --sysroot /home/pub/ndk/android-ndk-r17c/platforms/android-28/arch-arm -Wl,--build-id -Wl,--warn-shared-textrel -Wl,--fatal-warnings -Wl,--fix-cortex-a8 -Wl,--no-undefined -Wl,-z,noexecstack -Wl,-z,relro -Wl,-z,now -Wl,--gc-sections -Wl,-z,nocopyreloc -pie -fpie   CMakeFiles/cmTC_2c6ae.dir/testCXXCompiler.cxx.o  -o cmTC_2c6ae -latomic -lm "/home/pub/ndk/android-ndk-r17c/sources/cxx-stl/stlport/libs/armeabi-v7a/libstlport_static.a" 
make[1]: Leaving directory '/mnt/d/developStudio/hexmeet/sv800_project/rk3588uvc/uvc_app/build/android/arm/CMakeFiles/CMakeTmp'


Detecting CXX compiler ABI info compiled with the following output:
Change Dir: /home/build/studio/hexmeet/sv800_project/rk3588uvc/uvc_app/build/android/arm/CMakeFiles/CMakeTmp

Run Build Command:"/usr/bin/make" "cmTC_27a7b/fast"
/usr/bin/make -f CMakeFiles/cmTC_27a7b.dir/build.make CMakeFiles/cmTC_27a7b.dir/build
make[1]: Entering directory '/mnt/d/developStudio/hexmeet/sv800_project/rk3588uvc/uvc_app/build/android/arm/CMakeFiles/CMakeTmp'
Building CXX object CMakeFiles/cmTC_27a7b.dir/CMakeCXXCompilerABI.cpp.o
/home/pub/ndk/android-ndk-r17c/toolchains/arm-linux-androideabi-4.9/prebuilt/linux-x86_64/bin/arm-linux-androideabi-g++ --sysroot=/home/pub/ndk/android-ndk-r17c/sysroot   -isystem /home/pub/ndk/android-ndk-r17c/sources/cxx-stl/stlport/stlport -isystem /home/pub/ndk/android-ndk-r17c/sources/cxx-stl/gabi++/include  -isystem /home/pub/ndk/android-ndk-r17c/sysroot/usr/include/arm-linux-androideabi -D__ANDROID_API__=28 -g -DANDROID -ffunction-sections -funwind-tables -fstack-protector-strong -no-canonical-prefixes -march=armv7-a -mfloat-abi=softfp -mfpu=vfpv3-d16 -marm -Wa,--noexecstack -Wformat -Werror=format-security    -fPIE   -o CMakeFiles/cmTC_27a7b.dir/CMakeCXXCompilerABI.cpp.o -c /usr/share/cmake-3.10/Modules/CMakeCXXCompilerABI.cpp
Linking CXX executable cmTC_27a7b
/usr/bin/cmake -E cmake_link_script CMakeFiles/cmTC_27a7b.dir/link.txt --verbose=1
/home/pub/ndk/android-ndk-r17c/toolchains/arm-linux-androideabi-4.9/prebuilt/linux-x86_64/bin/arm-linux-androideabi-g++ --sysroot=/home/pub/ndk/android-ndk-r17c/sysroot  -isystem /home/pub/ndk/android-ndk-r17c/sysroot/usr/include/arm-linux-androideabi -D__ANDROID_API__=28 -g -DANDROID -ffunction-sections -funwind-tables -fstack-protector-strong -no-canonical-prefixes -march=armv7-a -mfloat-abi=softfp -mfpu=vfpv3-d16 -marm -Wa,--noexecstack -Wformat -Werror=format-security     -Wl,--exclude-libs,libgcc.a -Wl,--exclude-libs,libatomic.a --sysroot /home/pub/ndk/android-ndk-r17c/platforms/android-28/arch-arm -Wl,--build-id -Wl,--warn-shared-textrel -Wl,--fatal-warnings -Wl,--fix-cortex-a8 -Wl,--no-undefined -Wl,-z,noexecstack -Wl,-z,relro -Wl,-z,now -Wl,--gc-sections -Wl,-z,nocopyreloc -pie -fpie  -v CMakeFiles/cmTC_27a7b.dir/CMakeCXXCompilerABI.cpp.o  -o cmTC_27a7b 
Using built-in specs.
COLLECT_GCC=/home/pub/ndk/android-ndk-r17c/toolchains/arm-linux-androideabi-4.9/prebuilt/linux-x86_64/bin/arm-linux-androideabi-g++
COLLECT_LTO_WRAPPER=/home/pub/ndk/android-ndk-r17c/toolchains/arm-linux-androideabi-4.9/prebuilt/linux-x86_64/bin/../libexec/gcc/arm-linux-androideabi/4.9.x/lto-wrapper
Target: arm-linux-androideabi
Configured with: /usr/local/google/buildbot/src/android/gcc/toolchain/build/../gcc/gcc-4.9/configure --prefix=/tmp/1f702185e9cc53b747a5c4e1441c9254 --target=arm-linux-androideabi --host=x86_64-linux-gnu --build=x86_64-linux-gnu --with-gnu-as --with-gnu-ld --enable-languages=c,c++ --with-gmp=/buildbot/tmp/build/toolchain/temp-install --with-mpfr=/buildbot/tmp/build/toolchain/temp-install --with-mpc=/buildbot/tmp/build/toolchain/temp-install --with-cloog=/buildbot/tmp/build/toolchain/temp-install --with-isl=/buildbot/tmp/build/toolchain/temp-install --with-ppl=/buildbot/tmp/build/toolchain/temp-install --disable-ppl-version-check --disable-cloog-version-check --disable-isl-version-check --enable-cloog-backend=isl --with-host-libstdcxx='-static-libgcc -Wl,-Bstatic,-lstdc++,-Bdynamic -lm' --disable-libssp --enable-threads --disable-nls --disable-libmudflap --disable-libgomp --disable-libstdc__-v3 --disable-sjlj-exceptions --disable-shared --disable-tls --disable-libitm --with-float=soft --with-fpu=vfp --with-arch=armv5te --enable-target-optspace --enable-bionic-libs --enable-libatomic-ifuncs=no --enable-initfini-array --disable-nls --prefix=/tmp/1f702185e9cc53b747a5c4e1441c9254 --with-sysroot=/tmp/1f702185e9cc53b747a5c4e1441c9254/sysroot --with-binutils-version=2.27 --with-mpfr-version=3.1.1 --with-mpc-version=1.0.1 --with-gmp-version=5.0.5 --with-gcc-version=4.9 --with-gdb-version=none --with-gxx-include-dir=/tmp/1f702185e9cc53b747a5c4e1441c9254/include/c++/4.9.x --with-bugurl=http://source.android.com/source/report-bugs.html --enable-languages=c,c++ --disable-bootstrap --enable-plugins --enable-libgomp --enable-gnu-indirect-function --disable-libsanitizer --enable-gold --enable-threads --enable-eh-frame-hdr-for-static --enable-graphite=yes --with-isl-version=0.11.1 --with-cloog-version=0.18.0 --with-arch=armv5te --program-transform-name='s&^&arm-linux-androideabi-&' --enable-gold=default
Thread model: posix
gcc version 4.9.x 20150123 (prerelease) (GCC) 
COMPILER_PATH=/home/pub/ndk/android-ndk-r17c/toolchains/arm-linux-androideabi-4.9/prebuilt/linux-x86_64/bin/../libexec/gcc/arm-linux-androideabi/4.9.x/:/home/pub/ndk/android-ndk-r17c/toolchains/arm-linux-androideabi-4.9/prebuilt/linux-x86_64/bin/../libexec/gcc/:/home/pub/ndk/android-ndk-r17c/toolchains/arm-linux-androideabi-4.9/prebuilt/linux-x86_64/bin/../lib/gcc/arm-linux-androideabi/4.9.x/../../../../arm-linux-androideabi/bin/
LIBRARY_PATH=/home/pub/ndk/android-ndk-r17c/toolchains/arm-linux-androideabi-4.9/prebuilt/linux-x86_64/bin/../lib/gcc/arm-linux-androideabi/4.9.x/armv7-a/:/home/pub/ndk/android-ndk-r17c/toolchains/arm-linux-androideabi-4.9/prebuilt/linux-x86_64/bin/../lib/gcc/arm-linux-androideabi/4.9.x/../../../../arm-linux-androideabi/lib/armv7-a/:/home/pub/ndk/android-ndk-r17c/toolchains/arm-linux-androideabi-4.9/prebuilt/linux-x86_64/bin/../lib/gcc/arm-linux-androideabi/4.9.x/:/home/pub/ndk/android-ndk-r17c/toolchains/arm-linux-androideabi-4.9/prebuilt/linux-x86_64/bin/../lib/gcc/:/home/pub/ndk/android-ndk-r17c/toolchains/arm-linux-androideabi-4.9/prebuilt/linux-x86_64/bin/../lib/gcc/arm-linux-androideabi/4.9.x/../../../../arm-linux-androideabi/lib/:/home/pub/ndk/android-ndk-r17c/platforms/android-28/arch-arm/usr/lib/
COLLECT_GCC_OPTIONS='-isystem' '/home/pub/ndk/android-ndk-r17c/sysroot/usr/include/arm-linux-androideabi' '-D' '__ANDROID_API__=28' '-g' '-D' 'ANDROID' '-ffunction-sections' '-funwind-tables' '-fstack-protector-strong' '-march=armv7-a' '-mfloat-abi=softfp' '-mfpu=vfpv3-d16' '-marm' '-Wformat=1' '-Werror=format-security' '-pie' '-fpie' '-v' '-o' 'cmTC_27a7b' '-mtls-dialect=gnu'
 /home/pub/ndk/android-ndk-r17c/toolchains/arm-linux-androideabi-4.9/prebuilt/linux-x86_64/bin/../libexec/gcc/arm-linux-androideabi/4.9.x/collect2 -plugin /home/pub/ndk/android-ndk-r17c/toolchains/arm-linux-androideabi-4.9/prebuilt/linux-x86_64/bin/../libexec/gcc/arm-linux-androideabi/4.9.x/liblto_plugin.so -plugin-opt=/home/pub/ndk/android-ndk-r17c/toolchains/arm-linux-androideabi-4.9/prebuilt/linux-x86_64/bin/../libexec/gcc/arm-linux-androideabi/4.9.x/lto-wrapper -plugin-opt=-fresolution=/tmp/ccOdvdpj.res -plugin-opt=-pass-through=-lgcc -plugin-opt=-pass-through=-lc -plugin-opt=-pass-through=-ldl -plugin-opt=-pass-through=-lgcc --sysroot=/home/pub/ndk/android-ndk-r17c/platforms/android-28/arch-arm --eh-frame-hdr -dynamic-linker /system/bin/linker -X -m armelf_linux_eabi -z noexecstack -z relro -z now -pie -o cmTC_27a7b /home/pub/ndk/android-ndk-r17c/platforms/android-28/arch-arm/usr/lib/crtbegin_dynamic.o -L/home/pub/ndk/android-ndk-r17c/toolchains/arm-linux-androideabi-4.9/prebuilt/linux-x86_64/bin/../lib/gcc/arm-linux-androideabi/4.9.x/armv7-a -L/home/pub/ndk/android-ndk-r17c/toolchains/arm-linux-androideabi-4.9/prebuilt/linux-x86_64/bin/../lib/gcc/arm-linux-androideabi/4.9.x/../../../../arm-linux-androideabi/lib/armv7-a -L/home/pub/ndk/android-ndk-r17c/toolchains/arm-linux-androideabi-4.9/prebuilt/linux-x86_64/bin/../lib/gcc/arm-linux-androideabi/4.9.x -L/home/pub/ndk/android-ndk-r17c/toolchains/arm-linux-androideabi-4.9/prebuilt/linux-x86_64/bin/../lib/gcc -L/home/pub/ndk/android-ndk-r17c/toolchains/arm-linux-androideabi-4.9/prebuilt/linux-x86_64/bin/../lib/gcc/arm-linux-androideabi/4.9.x/../../../../arm-linux-androideabi/lib -L/home/pub/ndk/android-ndk-r17c/platforms/android-28/arch-arm/usr/lib --exclude-libs libgcc.a --exclude-libs libatomic.a --build-id --warn-shared-textrel --fatal-warnings --fix-cortex-a8 --no-undefined -z noexecstack -z relro -z now --gc-sections -z nocopyreloc CMakeFiles/cmTC_27a7b.dir/CMakeCXXCompilerABI.cpp.o -lstdc++ -lm -lgcc -lc -ldl -lgcc /home/pub/ndk/android-ndk-r17c/platforms/android-28/arch-arm/usr/lib/crtend_android.o
make[1]: Leaving directory '/mnt/d/developStudio/hexmeet/sv800_project/rk3588uvc/uvc_app/build/android/arm/CMakeFiles/CMakeTmp'


Parsed CXX implicit link information from above output:
  link line regex: [^( *|.*[/\])(arm-linux-androideabi-ld|CMAKE_LINK_STARTFILE-NOTFOUND|([^/\]+-)?ld|collect2)[^/\]*( |$)]
  ignore line: [Change Dir: /home/build/studio/hexmeet/sv800_project/rk3588uvc/uvc_app/build/android/arm/CMakeFiles/CMakeTmp]
  ignore line: []
  ignore line: [Run Build Command:"/usr/bin/make" "cmTC_27a7b/fast"]
  ignore line: [/usr/bin/make -f CMakeFiles/cmTC_27a7b.dir/build.make CMakeFiles/cmTC_27a7b.dir/build]
  ignore line: [make[1]: Entering directory '/mnt/d/developStudio/hexmeet/sv800_project/rk3588uvc/uvc_app/build/android/arm/CMakeFiles/CMakeTmp']
  ignore line: [Building CXX object CMakeFiles/cmTC_27a7b.dir/CMakeCXXCompilerABI.cpp.o]
  ignore line: [/home/pub/ndk/android-ndk-r17c/toolchains/arm-linux-androideabi-4.9/prebuilt/linux-x86_64/bin/arm-linux-androideabi-g++ --sysroot=/home/pub/ndk/android-ndk-r17c/sysroot   -isystem /home/pub/ndk/android-ndk-r17c/sources/cxx-stl/stlport/stlport -isystem /home/pub/ndk/android-ndk-r17c/sources/cxx-stl/gabi++/include  -isystem /home/pub/ndk/android-ndk-r17c/sysroot/usr/include/arm-linux-androideabi -D__ANDROID_API__=28 -g -DANDROID -ffunction-sections -funwind-tables -fstack-protector-strong -no-canonical-prefixes -march=armv7-a -mfloat-abi=softfp -mfpu=vfpv3-d16 -marm -Wa,--noexecstack -Wformat -Werror=format-security    -fPIE   -o CMakeFiles/cmTC_27a7b.dir/CMakeCXXCompilerABI.cpp.o -c /usr/share/cmake-3.10/Modules/CMakeCXXCompilerABI.cpp]
  ignore line: [Linking CXX executable cmTC_27a7b]
  ignore line: [/usr/bin/cmake -E cmake_link_script CMakeFiles/cmTC_27a7b.dir/link.txt --verbose=1]
  ignore line: [/home/pub/ndk/android-ndk-r17c/toolchains/arm-linux-androideabi-4.9/prebuilt/linux-x86_64/bin/arm-linux-androideabi-g++ --sysroot=/home/pub/ndk/android-ndk-r17c/sysroot  -isystem /home/pub/ndk/android-ndk-r17c/sysroot/usr/include/arm-linux-androideabi -D__ANDROID_API__=28 -g -DANDROID -ffunction-sections -funwind-tables -fstack-protector-strong -no-canonical-prefixes -march=armv7-a -mfloat-abi=softfp -mfpu=vfpv3-d16 -marm -Wa,--noexecstack -Wformat -Werror=format-security     -Wl,--exclude-libs,libgcc.a -Wl,--exclude-libs,libatomic.a --sysroot /home/pub/ndk/android-ndk-r17c/platforms/android-28/arch-arm -Wl,--build-id -Wl,--warn-shared-textrel -Wl,--fatal-warnings -Wl,--fix-cortex-a8 -Wl,--no-undefined -Wl,-z,noexecstack -Wl,-z,relro -Wl,-z,now -Wl,--gc-sections -Wl,-z,nocopyreloc -pie -fpie  -v CMakeFiles/cmTC_27a7b.dir/CMakeCXXCompilerABI.cpp.o  -o cmTC_27a7b ]
  ignore line: [Using built-in specs.]
  ignore line: [COLLECT_GCC=/home/pub/ndk/android-ndk-r17c/toolchains/arm-linux-androideabi-4.9/prebuilt/linux-x86_64/bin/arm-linux-androideabi-g++]
  ignore line: [COLLECT_LTO_WRAPPER=/home/pub/ndk/android-ndk-r17c/toolchains/arm-linux-androideabi-4.9/prebuilt/linux-x86_64/bin/../libexec/gcc/arm-linux-androideabi/4.9.x/lto-wrapper]
  ignore line: [Target: arm-linux-androideabi]
  ignore line: [Configured with: /usr/local/google/buildbot/src/android/gcc/toolchain/build/../gcc/gcc-4.9/configure --prefix=/tmp/1f702185e9cc53b747a5c4e1441c9254 --target=arm-linux-androideabi --host=x86_64-linux-gnu --build=x86_64-linux-gnu --with-gnu-as --with-gnu-ld --enable-languages=c,c++ --with-gmp=/buildbot/tmp/build/toolchain/temp-install --with-mpfr=/buildbot/tmp/build/toolchain/temp-install --with-mpc=/buildbot/tmp/build/toolchain/temp-install --with-cloog=/buildbot/tmp/build/toolchain/temp-install --with-isl=/buildbot/tmp/build/toolchain/temp-install --with-ppl=/buildbot/tmp/build/toolchain/temp-install --disable-ppl-version-check --disable-cloog-version-check --disable-isl-version-check --enable-cloog-backend=isl --with-host-libstdcxx='-static-libgcc -Wl,-Bstatic,-lstdc++,-Bdynamic -lm' --disable-libssp --enable-threads --disable-nls --disable-libmudflap --disable-libgomp --disable-libstdc__-v3 --disable-sjlj-exceptions --disable-shared --disable-tls --disable-libitm --with-float=soft --with-fpu=vfp --with-arch=armv5te --enable-target-optspace --enable-bionic-libs --enable-libatomic-ifuncs=no --enable-initfini-array --disable-nls --prefix=/tmp/1f702185e9cc53b747a5c4e1441c9254 --with-sysroot=/tmp/1f702185e9cc53b747a5c4e1441c9254/sysroot --with-binutils-version=2.27 --with-mpfr-version=3.1.1 --with-mpc-version=1.0.1 --with-gmp-version=5.0.5 --with-gcc-version=4.9 --with-gdb-version=none --with-gxx-include-dir=/tmp/1f702185e9cc53b747a5c4e1441c9254/include/c++/4.9.x --with-bugurl=http://source.android.com/source/report-bugs.html --enable-languages=c,c++ --disable-bootstrap --enable-plugins --enable-libgomp --enable-gnu-indirect-function --disable-libsanitizer --enable-gold --enable-threads --enable-eh-frame-hdr-for-static --enable-graphite=yes --with-isl-version=0.11.1 --with-cloog-version=0.18.0 --with-arch=armv5te --program-transform-name='s&^&arm-linux-androideabi-&' --enable-gold=default]
  ignore line: [Thread model: posix]
  ignore line: [gcc version 4.9.x 20150123 (prerelease) (GCC) ]
  ignore line: [COMPILER_PATH=/home/pub/ndk/android-ndk-r17c/toolchains/arm-linux-androideabi-4.9/prebuilt/linux-x86_64/bin/../libexec/gcc/arm-linux-androideabi/4.9.x/:/home/pub/ndk/android-ndk-r17c/toolchains/arm-linux-androideabi-4.9/prebuilt/linux-x86_64/bin/../libexec/gcc/:/home/pub/ndk/android-ndk-r17c/toolchains/arm-linux-androideabi-4.9/prebuilt/linux-x86_64/bin/../lib/gcc/arm-linux-androideabi/4.9.x/../../../../arm-linux-androideabi/bin/]
  ignore line: [LIBRARY_PATH=/home/pub/ndk/android-ndk-r17c/toolchains/arm-linux-androideabi-4.9/prebuilt/linux-x86_64/bin/../lib/gcc/arm-linux-androideabi/4.9.x/armv7-a/:/home/pub/ndk/android-ndk-r17c/toolchains/arm-linux-androideabi-4.9/prebuilt/linux-x86_64/bin/../lib/gcc/arm-linux-androideabi/4.9.x/../../../../arm-linux-androideabi/lib/armv7-a/:/home/pub/ndk/android-ndk-r17c/toolchains/arm-linux-androideabi-4.9/prebuilt/linux-x86_64/bin/../lib/gcc/arm-linux-androideabi/4.9.x/:/home/pub/ndk/android-ndk-r17c/toolchains/arm-linux-androideabi-4.9/prebuilt/linux-x86_64/bin/../lib/gcc/:/home/pub/ndk/android-ndk-r17c/toolchains/arm-linux-androideabi-4.9/prebuilt/linux-x86_64/bin/../lib/gcc/arm-linux-androideabi/4.9.x/../../../../arm-linux-androideabi/lib/:/home/pub/ndk/android-ndk-r17c/platforms/android-28/arch-arm/usr/lib/]
  ignore line: [COLLECT_GCC_OPTIONS='-isystem' '/home/pub/ndk/android-ndk-r17c/sysroot/usr/include/arm-linux-androideabi' '-D' '__ANDROID_API__=28' '-g' '-D' 'ANDROID' '-ffunction-sections' '-funwind-tables' '-fstack-protector-strong' '-march=armv7-a' '-mfloat-abi=softfp' '-mfpu=vfpv3-d16' '-marm' '-Wformat=1' '-Werror=format-security' '-pie' '-fpie' '-v' '-o' 'cmTC_27a7b' '-mtls-dialect=gnu']
  link line: [ /home/pub/ndk/android-ndk-r17c/toolchains/arm-linux-androideabi-4.9/prebuilt/linux-x86_64/bin/../libexec/gcc/arm-linux-androideabi/4.9.x/collect2 -plugin /home/pub/ndk/android-ndk-r17c/toolchains/arm-linux-androideabi-4.9/prebuilt/linux-x86_64/bin/../libexec/gcc/arm-linux-androideabi/4.9.x/liblto_plugin.so -plugin-opt=/home/pub/ndk/android-ndk-r17c/toolchains/arm-linux-androideabi-4.9/prebuilt/linux-x86_64/bin/../libexec/gcc/arm-linux-androideabi/4.9.x/lto-wrapper -plugin-opt=-fresolution=/tmp/ccOdvdpj.res -plugin-opt=-pass-through=-lgcc -plugin-opt=-pass-through=-lc -plugin-opt=-pass-through=-ldl -plugin-opt=-pass-through=-lgcc --sysroot=/home/pub/ndk/android-ndk-r17c/platforms/android-28/arch-arm --eh-frame-hdr -dynamic-linker /system/bin/linker -X -m armelf_linux_eabi -z noexecstack -z relro -z now -pie -o cmTC_27a7b /home/pub/ndk/android-ndk-r17c/platforms/android-28/arch-arm/usr/lib/crtbegin_dynamic.o -L/home/pub/ndk/android-ndk-r17c/toolchains/arm-linux-androideabi-4.9/prebuilt/linux-x86_64/bin/../lib/gcc/arm-linux-androideabi/4.9.x/armv7-a -L/home/pub/ndk/android-ndk-r17c/toolchains/arm-linux-androideabi-4.9/prebuilt/linux-x86_64/bin/../lib/gcc/arm-linux-androideabi/4.9.x/../../../../arm-linux-androideabi/lib/armv7-a -L/home/pub/ndk/android-ndk-r17c/toolchains/arm-linux-androideabi-4.9/prebuilt/linux-x86_64/bin/../lib/gcc/arm-linux-androideabi/4.9.x -L/home/pub/ndk/android-ndk-r17c/toolchains/arm-linux-androideabi-4.9/prebuilt/linux-x86_64/bin/../lib/gcc -L/home/pub/ndk/android-ndk-r17c/toolchains/arm-linux-androideabi-4.9/prebuilt/linux-x86_64/bin/../lib/gcc/arm-linux-androideabi/4.9.x/../../../../arm-linux-androideabi/lib -L/home/pub/ndk/android-ndk-r17c/platforms/android-28/arch-arm/usr/lib --exclude-libs libgcc.a --exclude-libs libatomic.a --build-id --warn-shared-textrel --fatal-warnings --fix-cortex-a8 --no-undefined -z noexecstack -z relro -z now --gc-sections -z nocopyreloc CMakeFiles/cmTC_27a7b.dir/CMakeCXXCompilerABI.cpp.o -lstdc++ -lm -lgcc -lc -ldl -lgcc /home/pub/ndk/android-ndk-r17c/platforms/android-28/arch-arm/usr/lib/crtend_android.o]
    arg [/home/pub/ndk/android-ndk-r17c/toolchains/arm-linux-androideabi-4.9/prebuilt/linux-x86_64/bin/../libexec/gcc/arm-linux-androideabi/4.9.x/collect2] ==> ignore
    arg [-plugin] ==> ignore
    arg [/home/pub/ndk/android-ndk-r17c/toolchains/arm-linux-androideabi-4.9/prebuilt/linux-x86_64/bin/../libexec/gcc/arm-linux-androideabi/4.9.x/liblto_plugin.so] ==> ignore
    arg [-plugin-opt=/home/pub/ndk/android-ndk-r17c/toolchains/arm-linux-androideabi-4.9/prebuilt/linux-x86_64/bin/../libexec/gcc/arm-linux-androideabi/4.9.x/lto-wrapper] ==> ignore
    arg [-plugin-opt=-fresolution=/tmp/ccOdvdpj.res] ==> ignore
    arg [-plugin-opt=-pass-through=-lgcc] ==> ignore
    arg [-plugin-opt=-pass-through=-lc] ==> ignore
    arg [-plugin-opt=-pass-through=-ldl] ==> ignore
    arg [-plugin-opt=-pass-through=-lgcc] ==> ignore
    arg [--sysroot=/home/pub/ndk/android-ndk-r17c/platforms/android-28/arch-arm] ==> ignore
    arg [--eh-frame-hdr] ==> ignore
    arg [-dynamic-linker] ==> ignore
    arg [/system/bin/linker] ==> ignore
    arg [-X] ==> ignore
    arg [-m] ==> ignore
    arg [armelf_linux_eabi] ==> ignore
    arg [-znoexecstack] ==> ignore
    arg [-zrelro] ==> ignore
    arg [-znow] ==> ignore
    arg [-pie] ==> ignore
    arg [-o] ==> ignore
    arg [cmTC_27a7b] ==> ignore
    arg [/home/pub/ndk/android-ndk-r17c/platforms/android-28/arch-arm/usr/lib/crtbegin_dynamic.o] ==> ignore
    arg [-L/home/pub/ndk/android-ndk-r17c/toolchains/arm-linux-androideabi-4.9/prebuilt/linux-x86_64/bin/../lib/gcc/arm-linux-androideabi/4.9.x/armv7-a] ==> dir [/home/pub/ndk/android-ndk-r17c/toolchains/arm-linux-androideabi-4.9/prebuilt/linux-x86_64/bin/../lib/gcc/arm-linux-androideabi/4.9.x/armv7-a]
    arg [-L/home/pub/ndk/android-ndk-r17c/toolchains/arm-linux-androideabi-4.9/prebuilt/linux-x86_64/bin/../lib/gcc/arm-linux-androideabi/4.9.x/../../../../arm-linux-androideabi/lib/armv7-a] ==> dir [/home/pub/ndk/android-ndk-r17c/toolchains/arm-linux-androideabi-4.9/prebuilt/linux-x86_64/bin/../lib/gcc/arm-linux-androideabi/4.9.x/../../../../arm-linux-androideabi/lib/armv7-a]
    arg [-L/home/pub/ndk/android-ndk-r17c/toolchains/arm-linux-androideabi-4.9/prebuilt/linux-x86_64/bin/../lib/gcc/arm-linux-androideabi/4.9.x] ==> dir [/home/pub/ndk/android-ndk-r17c/toolchains/arm-linux-androideabi-4.9/prebuilt/linux-x86_64/bin/../lib/gcc/arm-linux-androideabi/4.9.x]
    arg [-L/home/pub/ndk/android-ndk-r17c/toolchains/arm-linux-androideabi-4.9/prebuilt/linux-x86_64/bin/../lib/gcc] ==> dir [/home/pub/ndk/android-ndk-r17c/toolchains/arm-linux-androideabi-4.9/prebuilt/linux-x86_64/bin/../lib/gcc]
    arg [-L/home/pub/ndk/android-ndk-r17c/toolchains/arm-linux-androideabi-4.9/prebuilt/linux-x86_64/bin/../lib/gcc/arm-linux-androideabi/4.9.x/../../../../arm-linux-androideabi/lib] ==> dir [/home/pub/ndk/android-ndk-r17c/toolchains/arm-linux-androideabi-4.9/prebuilt/linux-x86_64/bin/../lib/gcc/arm-linux-androideabi/4.9.x/../../../../arm-linux-androideabi/lib]
    arg [-L/home/pub/ndk/android-ndk-r17c/platforms/android-28/arch-arm/usr/lib] ==> dir [/home/pub/ndk/android-ndk-r17c/platforms/android-28/arch-arm/usr/lib]
    arg [--exclude-libs] ==> ignore
    arg [libgcc.a] ==> ignore
    arg [--exclude-libs] ==> ignore
    arg [libatomic.a] ==> ignore
    arg [--build-id] ==> ignore
    arg [--warn-shared-textrel] ==> ignore
    arg [--fatal-warnings] ==> ignore
    arg [--fix-cortex-a8] ==> ignore
    arg [--no-undefined] ==> ignore
    arg [-znoexecstack] ==> ignore
    arg [-zrelro] ==> ignore
    arg [-znow] ==> ignore
    arg [--gc-sections] ==> ignore
    arg [-znocopyreloc] ==> ignore
    arg [CMakeFiles/cmTC_27a7b.dir/CMakeCXXCompilerABI.cpp.o] ==> ignore
    arg [-lstdc++] ==> lib [stdc++]
    arg [-lm] ==> lib [m]
    arg [-lgcc] ==> lib [gcc]
    arg [-lc] ==> lib [c]
    arg [-ldl] ==> lib [dl]
    arg [-lgcc] ==> lib [gcc]
    arg [/home/pub/ndk/android-ndk-r17c/platforms/android-28/arch-arm/usr/lib/crtend_android.o] ==> ignore
  collapse library dir [/home/pub/ndk/android-ndk-r17c/toolchains/arm-linux-androideabi-4.9/prebuilt/linux-x86_64/bin/../lib/gcc/arm-linux-androideabi/4.9.x/armv7-a] ==> [/home/pub/ndk/android-ndk-r17c/toolchains/arm-linux-androideabi-4.9/prebuilt/linux-x86_64/lib/gcc/arm-linux-androideabi/4.9.x/armv7-a]
  collapse library dir [/home/pub/ndk/android-ndk-r17c/toolchains/arm-linux-androideabi-4.9/prebuilt/linux-x86_64/bin/../lib/gcc/arm-linux-androideabi/4.9.x/../../../../arm-linux-androideabi/lib/armv7-a] ==> [/home/pub/ndk/android-ndk-r17c/toolchains/arm-linux-androideabi-4.9/prebuilt/linux-x86_64/arm-linux-androideabi/lib/armv7-a]
  collapse library dir [/home/pub/ndk/android-ndk-r17c/toolchains/arm-linux-androideabi-4.9/prebuilt/linux-x86_64/bin/../lib/gcc/arm-linux-androideabi/4.9.x] ==> [/home/pub/ndk/android-ndk-r17c/toolchains/arm-linux-androideabi-4.9/prebuilt/linux-x86_64/lib/gcc/arm-linux-androideabi/4.9.x]
  collapse library dir [/home/pub/ndk/android-ndk-r17c/toolchains/arm-linux-androideabi-4.9/prebuilt/linux-x86_64/bin/../lib/gcc] ==> [/home/pub/ndk/android-ndk-r17c/toolchains/arm-linux-androideabi-4.9/prebuilt/linux-x86_64/lib/gcc]
  collapse library dir [/home/pub/ndk/android-ndk-r17c/toolchains/arm-linux-androideabi-4.9/prebuilt/linux-x86_64/bin/../lib/gcc/arm-linux-androideabi/4.9.x/../../../../arm-linux-androideabi/lib] ==> [/home/pub/ndk/android-ndk-r17c/toolchains/arm-linux-androideabi-4.9/prebuilt/linux-x86_64/arm-linux-androideabi/lib]
  collapse library dir [/home/pub/ndk/android-ndk-r17c/platforms/android-28/arch-arm/usr/lib] ==> [/home/pub/ndk/android-ndk-r17c/platforms/android-28/arch-arm/usr/lib]
  implicit libs: [stdc++;m;gcc;c;dl;gcc]
  implicit dirs: [/home/pub/ndk/android-ndk-r17c/toolchains/arm-linux-androideabi-4.9/prebuilt/linux-x86_64/lib/gcc/arm-linux-androideabi/4.9.x/armv7-a;/home/pub/ndk/android-ndk-r17c/toolchains/arm-linux-androideabi-4.9/prebuilt/linux-x86_64/arm-linux-androideabi/lib/armv7-a;/home/pub/ndk/android-ndk-r17c/toolchains/arm-linux-androideabi-4.9/prebuilt/linux-x86_64/lib/gcc/arm-linux-androideabi/4.9.x;/home/pub/ndk/android-ndk-r17c/toolchains/arm-linux-androideabi-4.9/prebuilt/linux-x86_64/lib/gcc;/home/pub/ndk/android-ndk-r17c/toolchains/arm-linux-androideabi-4.9/prebuilt/linux-x86_64/arm-linux-androideabi/lib;/home/pub/ndk/android-ndk-r17c/platforms/android-28/arch-arm/usr/lib]
  implicit fwks: []




Detecting CXX [-std=c++14] compiler features compiled with the following output:
Change Dir: /home/build/studio/hexmeet/sv800_project/rk3588uvc/uvc_app/build/android/arm/CMakeFiles/CMakeTmp

Run Build Command:"/usr/bin/make" "cmTC_65692/fast"
/usr/bin/make -f CMakeFiles/cmTC_65692.dir/build.make CMakeFiles/cmTC_65692.dir/build
make[1]: Entering directory '/mnt/d/developStudio/hexmeet/sv800_project/rk3588uvc/uvc_app/build/android/arm/CMakeFiles/CMakeTmp'
Building CXX object CMakeFiles/cmTC_65692.dir/feature_tests.cxx.o
/home/pub/ndk/android-ndk-r17c/toolchains/arm-linux-androideabi-4.9/prebuilt/linux-x86_64/bin/arm-linux-androideabi-g++ --sysroot=/home/pub/ndk/android-ndk-r17c/sysroot   -isystem /home/pub/ndk/android-ndk-r17c/sources/cxx-stl/stlport/stlport -isystem /home/pub/ndk/android-ndk-r17c/sources/cxx-stl/gabi++/include  -isystem /home/pub/ndk/android-ndk-r17c/sysroot/usr/include/arm-linux-androideabi -D__ANDROID_API__=28 -g -DANDROID -ffunction-sections -funwind-tables -fstack-protector-strong -no-canonical-prefixes -march=armv7-a -mfloat-abi=softfp -mfpu=vfpv3-d16 -marm -Wa,--noexecstack -Wformat -Werror=format-security    -fPIE   -std=c++14 -o CMakeFiles/cmTC_65692.dir/feature_tests.cxx.o -c /home/build/studio/hexmeet/sv800_project/rk3588uvc/uvc_app/build/android/arm/CMakeFiles/feature_tests.cxx
Linking CXX executable cmTC_65692
/usr/bin/cmake -E cmake_link_script CMakeFiles/cmTC_65692.dir/link.txt --verbose=1
/home/pub/ndk/android-ndk-r17c/toolchains/arm-linux-androideabi-4.9/prebuilt/linux-x86_64/bin/arm-linux-androideabi-g++ --sysroot=/home/pub/ndk/android-ndk-r17c/sysroot  -isystem /home/pub/ndk/android-ndk-r17c/sysroot/usr/include/arm-linux-androideabi -D__ANDROID_API__=28 -g -DANDROID -ffunction-sections -funwind-tables -fstack-protector-strong -no-canonical-prefixes -march=armv7-a -mfloat-abi=softfp -mfpu=vfpv3-d16 -marm -Wa,--noexecstack -Wformat -Werror=format-security     -Wl,--exclude-libs,libgcc.a -Wl,--exclude-libs,libatomic.a --sysroot /home/pub/ndk/android-ndk-r17c/platforms/android-28/arch-arm -Wl,--build-id -Wl,--warn-shared-textrel -Wl,--fatal-warnings -Wl,--fix-cortex-a8 -Wl,--no-undefined -Wl,-z,noexecstack -Wl,-z,relro -Wl,-z,now -Wl,--gc-sections -Wl,-z,nocopyreloc -pie -fpie   CMakeFiles/cmTC_65692.dir/feature_tests.cxx.o  -o cmTC_65692 -latomic -lm "/home/pub/ndk/android-ndk-r17c/sources/cxx-stl/stlport/libs/armeabi-v7a/libstlport_static.a" 
make[1]: Leaving directory '/mnt/d/developStudio/hexmeet/sv800_project/rk3588uvc/uvc_app/build/android/arm/CMakeFiles/CMakeTmp'


    Feature record: CXX_FEATURE:0cxx_aggregate_default_initializers
    Feature record: CXX_FEATURE:1cxx_alias_templates
    Feature record: CXX_FEATURE:1cxx_alignas
    Feature record: CXX_FEATURE:1cxx_alignof
    Feature record: CXX_FEATURE:1cxx_attributes
    Feature record: CXX_FEATURE:1cxx_attribute_deprecated
    Feature record: CXX_FEATURE:1cxx_auto_type
    Feature record: CXX_FEATURE:1cxx_binary_literals
    Feature record: CXX_FEATURE:1cxx_constexpr
    Feature record: CXX_FEATURE:1cxx_contextual_conversions
    Feature record: CXX_FEATURE:1cxx_decltype
    Feature record: CXX_FEATURE:1cxx_decltype_auto
    Feature record: CXX_FEATURE:1cxx_decltype_incomplete_return_types
    Feature record: CXX_FEATURE:1cxx_default_function_template_args
    Feature record: CXX_FEATURE:1cxx_defaulted_functions
    Feature record: CXX_FEATURE:1cxx_defaulted_move_initializers
    Feature record: CXX_FEATURE:1cxx_delegating_constructors
    Feature record: CXX_FEATURE:1cxx_deleted_functions
    Feature record: CXX_FEATURE:1cxx_digit_separators
    Feature record: CXX_FEATURE:1cxx_enum_forward_declarations
    Feature record: CXX_FEATURE:1cxx_explicit_conversions
    Feature record: CXX_FEATURE:1cxx_extended_friend_declarations
    Feature record: CXX_FEATURE:1cxx_extern_templates
    Feature record: CXX_FEATURE:1cxx_final
    Feature record: CXX_FEATURE:1cxx_func_identifier
    Feature record: CXX_FEATURE:1cxx_generalized_initializers
    Feature record: CXX_FEATURE:1cxx_generic_lambdas
    Feature record: CXX_FEATURE:1cxx_inheriting_constructors
    Feature record: CXX_FEATURE:1cxx_inline_namespaces
    Feature record: CXX_FEATURE:1cxx_lambdas
    Feature record: CXX_FEATURE:1cxx_lambda_init_captures
    Feature record: CXX_FEATURE:1cxx_local_type_template_args
    Feature record: CXX_FEATURE:1cxx_long_long_type
    Feature record: CXX_FEATURE:1cxx_noexcept
    Feature record: CXX_FEATURE:1cxx_nonstatic_member_init
    Feature record: CXX_FEATURE:1cxx_nullptr
    Feature record: CXX_FEATURE:1cxx_override
    Feature record: CXX_FEATURE:1cxx_range_for
    Feature record: CXX_FEATURE:1cxx_raw_string_literals
    Feature record: CXX_FEATURE:1cxx_reference_qualified_functions
    Feature record: CXX_FEATURE:0cxx_relaxed_constexpr
    Feature record: CXX_FEATURE:1cxx_return_type_deduction
    Feature record: CXX_FEATURE:1cxx_right_angle_brackets
    Feature record: CXX_FEATURE:1cxx_rvalue_references
    Feature record: CXX_FEATURE:1cxx_sizeof_member
    Feature record: CXX_FEATURE:1cxx_static_assert
    Feature record: CXX_FEATURE:1cxx_strong_enums
    Feature record: CXX_FEATURE:1cxx_template_template_parameters
    Feature record: CXX_FEATURE:1cxx_thread_local
    Feature record: CXX_FEATURE:1cxx_trailing_return_types
    Feature record: CXX_FEATURE:1cxx_unicode_literals
    Feature record: CXX_FEATURE:1cxx_uniform_initialization
    Feature record: CXX_FEATURE:1cxx_unrestricted_unions
    Feature record: CXX_FEATURE:1cxx_user_literals
    Feature record: CXX_FEATURE:0cxx_variable_templates
    Feature record: CXX_FEATURE:1cxx_variadic_macros
    Feature record: CXX_FEATURE:1cxx_variadic_templates


Detecting CXX [-std=c++11] compiler features compiled with the following output:
Change Dir: /home/build/studio/hexmeet/sv800_project/rk3588uvc/uvc_app/build/android/arm/CMakeFiles/CMakeTmp

Run Build Command:"/usr/bin/make" "cmTC_f526e/fast"
/usr/bin/make -f CMakeFiles/cmTC_f526e.dir/build.make CMakeFiles/cmTC_f526e.dir/build
make[1]: Entering directory '/mnt/d/developStudio/hexmeet/sv800_project/rk3588uvc/uvc_app/build/android/arm/CMakeFiles/CMakeTmp'
Building CXX object CMakeFiles/cmTC_f526e.dir/feature_tests.cxx.o
/home/pub/ndk/android-ndk-r17c/toolchains/arm-linux-androideabi-4.9/prebuilt/linux-x86_64/bin/arm-linux-androideabi-g++ --sysroot=/home/pub/ndk/android-ndk-r17c/sysroot   -isystem /home/pub/ndk/android-ndk-r17c/sources/cxx-stl/stlport/stlport -isystem /home/pub/ndk/android-ndk-r17c/sources/cxx-stl/gabi++/include  -isystem /home/pub/ndk/android-ndk-r17c/sysroot/usr/include/arm-linux-androideabi -D__ANDROID_API__=28 -g -DANDROID -ffunction-sections -funwind-tables -fstack-protector-strong -no-canonical-prefixes -march=armv7-a -mfloat-abi=softfp -mfpu=vfpv3-d16 -marm -Wa,--noexecstack -Wformat -Werror=format-security    -fPIE   -std=c++11 -o CMakeFiles/cmTC_f526e.dir/feature_tests.cxx.o -c /home/build/studio/hexmeet/sv800_project/rk3588uvc/uvc_app/build/android/arm/CMakeFiles/feature_tests.cxx
Linking CXX executable cmTC_f526e
/usr/bin/cmake -E cmake_link_script CMakeFiles/cmTC_f526e.dir/link.txt --verbose=1
/home/pub/ndk/android-ndk-r17c/toolchains/arm-linux-androideabi-4.9/prebuilt/linux-x86_64/bin/arm-linux-androideabi-g++ --sysroot=/home/pub/ndk/android-ndk-r17c/sysroot  -isystem /home/pub/ndk/android-ndk-r17c/sysroot/usr/include/arm-linux-androideabi -D__ANDROID_API__=28 -g -DANDROID -ffunction-sections -funwind-tables -fstack-protector-strong -no-canonical-prefixes -march=armv7-a -mfloat-abi=softfp -mfpu=vfpv3-d16 -marm -Wa,--noexecstack -Wformat -Werror=format-security     -Wl,--exclude-libs,libgcc.a -Wl,--exclude-libs,libatomic.a --sysroot /home/pub/ndk/android-ndk-r17c/platforms/android-28/arch-arm -Wl,--build-id -Wl,--warn-shared-textrel -Wl,--fatal-warnings -Wl,--fix-cortex-a8 -Wl,--no-undefined -Wl,-z,noexecstack -Wl,-z,relro -Wl,-z,now -Wl,--gc-sections -Wl,-z,nocopyreloc -pie -fpie   CMakeFiles/cmTC_f526e.dir/feature_tests.cxx.o  -o cmTC_f526e -latomic -lm "/home/pub/ndk/android-ndk-r17c/sources/cxx-stl/stlport/libs/armeabi-v7a/libstlport_static.a" 
make[1]: Leaving directory '/mnt/d/developStudio/hexmeet/sv800_project/rk3588uvc/uvc_app/build/android/arm/CMakeFiles/CMakeTmp'


    Feature record: CXX_FEATURE:0cxx_aggregate_default_initializers
    Feature record: CXX_FEATURE:1cxx_alias_templates
    Feature record: CXX_FEATURE:1cxx_alignas
    Feature record: CXX_FEATURE:1cxx_alignof
    Feature record: CXX_FEATURE:1cxx_attributes
    Feature record: CXX_FEATURE:0cxx_attribute_deprecated
    Feature record: CXX_FEATURE:1cxx_auto_type
    Feature record: CXX_FEATURE:0cxx_binary_literals
    Feature record: CXX_FEATURE:1cxx_constexpr
    Feature record: CXX_FEATURE:0cxx_contextual_conversions
    Feature record: CXX_FEATURE:1cxx_decltype
    Feature record: CXX_FEATURE:0cxx_decltype_auto
    Feature record: CXX_FEATURE:1cxx_decltype_incomplete_return_types
    Feature record: CXX_FEATURE:1cxx_default_function_template_args
    Feature record: CXX_FEATURE:1cxx_defaulted_functions
    Feature record: CXX_FEATURE:1cxx_defaulted_move_initializers
    Feature record: CXX_FEATURE:1cxx_delegating_constructors
    Feature record: CXX_FEATURE:1cxx_deleted_functions
    Feature record: CXX_FEATURE:0cxx_digit_separators
    Feature record: CXX_FEATURE:1cxx_enum_forward_declarations
    Feature record: CXX_FEATURE:1cxx_explicit_conversions
    Feature record: CXX_FEATURE:1cxx_extended_friend_declarations
    Feature record: CXX_FEATURE:1cxx_extern_templates
    Feature record: CXX_FEATURE:1cxx_final
    Feature record: CXX_FEATURE:1cxx_func_identifier
    Feature record: CXX_FEATURE:1cxx_generalized_initializers
    Feature record: CXX_FEATURE:0cxx_generic_lambdas
    Feature record: CXX_FEATURE:1cxx_inheriting_constructors
    Feature record: CXX_FEATURE:1cxx_inline_namespaces
    Feature record: CXX_FEATURE:1cxx_lambdas
    Feature record: CXX_FEATURE:0cxx_lambda_init_captures
    Feature record: CXX_FEATURE:1cxx_local_type_template_args
    Feature record: CXX_FEATURE:1cxx_long_long_type
    Feature record: CXX_FEATURE:1cxx_noexcept
    Feature record: CXX_FEATURE:1cxx_nonstatic_member_init
    Feature record: CXX_FEATURE:1cxx_nullptr
    Feature record: CXX_FEATURE:1cxx_override
    Feature record: CXX_FEATURE:1cxx_range_for
    Feature record: CXX_FEATURE:1cxx_raw_string_literals
    Feature record: CXX_FEATURE:1cxx_reference_qualified_functions
    Feature record: CXX_FEATURE:0cxx_relaxed_constexpr
    Feature record: CXX_FEATURE:0cxx_return_type_deduction
    Feature record: CXX_FEATURE:1cxx_right_angle_brackets
    Feature record: CXX_FEATURE:1cxx_rvalue_references
    Feature record: CXX_FEATURE:1cxx_sizeof_member
    Feature record: CXX_FEATURE:1cxx_static_assert
    Feature record: CXX_FEATURE:1cxx_strong_enums
    Feature record: CXX_FEATURE:1cxx_template_template_parameters
    Feature record: CXX_FEATURE:1cxx_thread_local
    Feature record: CXX_FEATURE:1cxx_trailing_return_types
    Feature record: CXX_FEATURE:1cxx_unicode_literals
    Feature record: CXX_FEATURE:1cxx_uniform_initialization
    Feature record: CXX_FEATURE:1cxx_unrestricted_unions
    Feature record: CXX_FEATURE:1cxx_user_literals
    Feature record: CXX_FEATURE:0cxx_variable_templates
    Feature record: CXX_FEATURE:1cxx_variadic_macros
    Feature record: CXX_FEATURE:1cxx_variadic_templates


Detecting CXX [-std=c++98] compiler features compiled with the following output:
Change Dir: /home/build/studio/hexmeet/sv800_project/rk3588uvc/uvc_app/build/android/arm/CMakeFiles/CMakeTmp

Run Build Command:"/usr/bin/make" "cmTC_c976a/fast"
/usr/bin/make -f CMakeFiles/cmTC_c976a.dir/build.make CMakeFiles/cmTC_c976a.dir/build
make[1]: Entering directory '/mnt/d/developStudio/hexmeet/sv800_project/rk3588uvc/uvc_app/build/android/arm/CMakeFiles/CMakeTmp'
Building CXX object CMakeFiles/cmTC_c976a.dir/feature_tests.cxx.o
/home/pub/ndk/android-ndk-r17c/toolchains/arm-linux-androideabi-4.9/prebuilt/linux-x86_64/bin/arm-linux-androideabi-g++ --sysroot=/home/pub/ndk/android-ndk-r17c/sysroot   -isystem /home/pub/ndk/android-ndk-r17c/sources/cxx-stl/stlport/stlport -isystem /home/pub/ndk/android-ndk-r17c/sources/cxx-stl/gabi++/include  -isystem /home/pub/ndk/android-ndk-r17c/sysroot/usr/include/arm-linux-androideabi -D__ANDROID_API__=28 -g -DANDROID -ffunction-sections -funwind-tables -fstack-protector-strong -no-canonical-prefixes -march=armv7-a -mfloat-abi=softfp -mfpu=vfpv3-d16 -marm -Wa,--noexecstack -Wformat -Werror=format-security    -fPIE   -std=c++98 -o CMakeFiles/cmTC_c976a.dir/feature_tests.cxx.o -c /home/build/studio/hexmeet/sv800_project/rk3588uvc/uvc_app/build/android/arm/CMakeFiles/feature_tests.cxx
Linking CXX executable cmTC_c976a
/usr/bin/cmake -E cmake_link_script CMakeFiles/cmTC_c976a.dir/link.txt --verbose=1
/home/pub/ndk/android-ndk-r17c/toolchains/arm-linux-androideabi-4.9/prebuilt/linux-x86_64/bin/arm-linux-androideabi-g++ --sysroot=/home/pub/ndk/android-ndk-r17c/sysroot  -isystem /home/pub/ndk/android-ndk-r17c/sysroot/usr/include/arm-linux-androideabi -D__ANDROID_API__=28 -g -DANDROID -ffunction-sections -funwind-tables -fstack-protector-strong -no-canonical-prefixes -march=armv7-a -mfloat-abi=softfp -mfpu=vfpv3-d16 -marm -Wa,--noexecstack -Wformat -Werror=format-security     -Wl,--exclude-libs,libgcc.a -Wl,--exclude-libs,libatomic.a --sysroot /home/pub/ndk/android-ndk-r17c/platforms/android-28/arch-arm -Wl,--build-id -Wl,--warn-shared-textrel -Wl,--fatal-warnings -Wl,--fix-cortex-a8 -Wl,--no-undefined -Wl,-z,noexecstack -Wl,-z,relro -Wl,-z,now -Wl,--gc-sections -Wl,-z,nocopyreloc -pie -fpie   CMakeFiles/cmTC_c976a.dir/feature_tests.cxx.o  -o cmTC_c976a -latomic -lm "/home/pub/ndk/android-ndk-r17c/sources/cxx-stl/stlport/libs/armeabi-v7a/libstlport_static.a" 
make[1]: Leaving directory '/mnt/d/developStudio/hexmeet/sv800_project/rk3588uvc/uvc_app/build/android/arm/CMakeFiles/CMakeTmp'


    Feature record: CXX_FEATURE:0cxx_aggregate_default_initializers
    Feature record: CXX_FEATURE:0cxx_alias_templates
    Feature record: CXX_FEATURE:0cxx_alignas
    Feature record: CXX_FEATURE:0cxx_alignof
    Feature record: CXX_FEATURE:0cxx_attributes
    Feature record: CXX_FEATURE:0cxx_attribute_deprecated
    Feature record: CXX_FEATURE:0cxx_auto_type
    Feature record: CXX_FEATURE:0cxx_binary_literals
    Feature record: CXX_FEATURE:0cxx_constexpr
    Feature record: CXX_FEATURE:0cxx_contextual_conversions
    Feature record: CXX_FEATURE:0cxx_decltype
    Feature record: CXX_FEATURE:0cxx_decltype_auto
    Feature record: CXX_FEATURE:0cxx_decltype_incomplete_return_types
    Feature record: CXX_FEATURE:0cxx_default_function_template_args
    Feature record: CXX_FEATURE:0cxx_defaulted_functions
    Feature record: CXX_FEATURE:0cxx_defaulted_move_initializers
    Feature record: CXX_FEATURE:0cxx_delegating_constructors
    Feature record: CXX_FEATURE:0cxx_deleted_functions
    Feature record: CXX_FEATURE:0cxx_digit_separators
    Feature record: CXX_FEATURE:0cxx_enum_forward_declarations
    Feature record: CXX_FEATURE:0cxx_explicit_conversions
    Feature record: CXX_FEATURE:0cxx_extended_friend_declarations
    Feature record: CXX_FEATURE:0cxx_extern_templates
    Feature record: CXX_FEATURE:0cxx_final
    Feature record: CXX_FEATURE:0cxx_func_identifier
    Feature record: CXX_FEATURE:0cxx_generalized_initializers
    Feature record: CXX_FEATURE:0cxx_generic_lambdas
    Feature record: CXX_FEATURE:0cxx_inheriting_constructors
    Feature record: CXX_FEATURE:0cxx_inline_namespaces
    Feature record: CXX_FEATURE:0cxx_lambdas
    Feature record: CXX_FEATURE:0cxx_lambda_init_captures
    Feature record: CXX_FEATURE:0cxx_local_type_template_args
    Feature record: CXX_FEATURE:0cxx_long_long_type
    Feature record: CXX_FEATURE:0cxx_noexcept
    Feature record: CXX_FEATURE:0cxx_nonstatic_member_init
    Feature record: CXX_FEATURE:0cxx_nullptr
    Feature record: CXX_FEATURE:0cxx_override
    Feature record: CXX_FEATURE:0cxx_range_for
    Feature record: CXX_FEATURE:0cxx_raw_string_literals
    Feature record: CXX_FEATURE:0cxx_reference_qualified_functions
    Feature record: CXX_FEATURE:0cxx_relaxed_constexpr
    Feature record: CXX_FEATURE:0cxx_return_type_deduction
    Feature record: CXX_FEATURE:0cxx_right_angle_brackets
    Feature record: CXX_FEATURE:0cxx_rvalue_references
    Feature record: CXX_FEATURE:0cxx_sizeof_member
    Feature record: CXX_FEATURE:0cxx_static_assert
    Feature record: CXX_FEATURE:0cxx_strong_enums
    Feature record: CXX_FEATURE:1cxx_template_template_parameters
    Feature record: CXX_FEATURE:0cxx_thread_local
    Feature record: CXX_FEATURE:0cxx_trailing_return_types
    Feature record: CXX_FEATURE:0cxx_unicode_literals
    Feature record: CXX_FEATURE:0cxx_uniform_initialization
    Feature record: CXX_FEATURE:0cxx_unrestricted_unions
    Feature record: CXX_FEATURE:0cxx_user_literals
    Feature record: CXX_FEATURE:0cxx_variable_templates
    Feature record: CXX_FEATURE:0cxx_variadic_macros
    Feature record: CXX_FEATURE:0cxx_variadic_templates
